Dec 15, 2020 1:07:52 PM programmingtheiot.gda.app.GatewayDeviceApp <init>
INFO: Initializing GDA...
Dec 15, 2020 1:07:52 PM programmingtheiot.gda.app.GatewayDeviceApp parseArgs
INFO: Parsing args...
Dec 15, 2020 1:07:52 PM programmingtheiot.gda.app.GatewayDeviceApp parseArgs
INFO: Parsing 0 command line args.
Dec 15, 2020 1:07:52 PM programmingtheiot.gda.app.GatewayDeviceApp initConfig
INFO: Attempting to load configuration: Default.
Dec 15, 2020 1:07:52 PM programmingtheiot.gda.app.DeviceDataManager <init>
INFO: Get config enablePersistenceClient: true
Dec 15, 2020 1:07:52 PM programmingtheiot.gda.system.SystemPerformanceManager <init>
INFO: Initialize SystemPerformanceManager with pollSecs: 30.
Dec 15, 2020 1:07:52 PM programmingtheiot.gda.connection.MqttClientConnector initSecureConnectionParameters
INFO: Configuring TLS...
Dec 15, 2020 1:07:52 PM programmingtheiot.gda.connection.MqttClientConnector initSecureConnectionParameters
WARNING: PEM file invalid. Using insecure connection: ../keys/UbidotsCloudCert.pem
java.lang.Exception
	at programmingtheiot.gda.connection.MqttClientConnector.initSecureConnectionParameters(MqttClientConnector.java:415)
	at programmingtheiot.gda.connection.MqttClientConnector.initClientParameters(MqttClientConnector.java:367)
	at programmingtheiot.gda.connection.MqttClientConnector.<init>(MqttClientConnector.java:89)
	at programmingtheiot.gda.connection.CloudClientConnector.<init>(CloudClientConnector.java:45)
	at programmingtheiot.gda.app.DeviceDataManager.initConnections(DeviceDataManager.java:276)
	at programmingtheiot.gda.app.DeviceDataManager.<init>(DeviceDataManager.java:78)
	at programmingtheiot.gda.app.GatewayDeviceApp.<init>(GatewayDeviceApp.java:55)
	at programmingtheiot.gda.app.GatewayDeviceApp.main(GatewayDeviceApp.java:84)

Dec 15, 2020 1:07:52 PM programmingtheiot.common.ConfigUtil getCredentials
WARNING: Failed to load credentials from file: ../keys/UbidotsCloudCred.props
java.io.FileNotFoundException: ..\keys\UbidotsCloudCred.props (The system cannot find the path specified)
	at java.base/java.io.FileInputStream.open0(Native Method)
	at java.base/java.io.FileInputStream.open(FileInputStream.java:211)
	at java.base/java.io.FileInputStream.<init>(FileInputStream.java:153)
	at java.base/java.io.FileInputStream.<init>(FileInputStream.java:108)
	at programmingtheiot.common.ConfigUtil.getCredentials(ConfigUtil.java:277)
	at programmingtheiot.gda.connection.MqttClientConnector.initCredentialConnectionParameters(MqttClientConnector.java:391)
	at programmingtheiot.gda.connection.MqttClientConnector.initClientParameters(MqttClientConnector.java:372)
	at programmingtheiot.gda.connection.MqttClientConnector.<init>(MqttClientConnector.java:89)
	at programmingtheiot.gda.connection.CloudClientConnector.<init>(CloudClientConnector.java:45)
	at programmingtheiot.gda.app.DeviceDataManager.initConnections(DeviceDataManager.java:276)
	at programmingtheiot.gda.app.DeviceDataManager.<init>(DeviceDataManager.java:78)
	at programmingtheiot.gda.app.GatewayDeviceApp.<init>(GatewayDeviceApp.java:55)
	at programmingtheiot.gda.app.GatewayDeviceApp.main(GatewayDeviceApp.java:84)

Dec 15, 2020 1:07:52 PM programmingtheiot.gda.connection.MqttClientConnector initCredentialConnectionParameters
INFO: Load userToken from credFile: null
Dec 15, 2020 1:07:52 PM programmingtheiot.gda.app.GatewayDeviceApp startApp
INFO: Starting GDA...
Dec 15, 2020 1:07:52 PM programmingtheiot.gda.app.DeviceDataManager startManager
INFO: DeviceDataManager starting...
Dec 15, 2020 1:07:52 PM programmingtheiot.gda.connection.MqttClientConnector connectClient
INFO: Creating MQTT Client, broker: 'tcp://10.1.10.209:1883', client id: 'paho109009578544800'...
Dec 15, 2020 1:07:52 PM programmingtheiot.gda.connection.MqttClientConnector connectClient
INFO: Connecting to broker...
Dec 15, 2020 1:07:52 PM programmingtheiot.gda.connection.RedisPersistenceAdapter connectClient
INFO: Redis client is connecting to server...
Dec 15, 2020 1:07:52 PM programmingtheiot.gda.connection.MqttClientConnector connectComplete
INFO: [Callback] Complete to connect to broker 'tcp://10.1.10.209:1883'
Dec 15, 2020 1:07:52 PM programmingtheiot.gda.connection.MqttClientConnector subscribeToTopic
INFO: Subscribing to topic 'PIOT/ConstrainedDevice/ActuatorResponse' with QoS 1 ...
Dec 15, 2020 1:07:52 PM programmingtheiot.gda.connection.MqttClientConnector subscribeToTopic
INFO: Subscribing to topic 'PIOT/ConstrainedDevice/SensorMsg' with QoS 1 ...
Dec 15, 2020 1:07:52 PM programmingtheiot.gda.connection.RedisPersistenceAdapter connectClient
INFO: Redis client succeeded to connect to server!
Dec 15, 2020 1:07:52 PM programmingtheiot.gda.connection.MqttClientConnector subscribeToTopic
INFO: Subscribing to topic 'PIOT/ConstrainedDevice/SystemPerfMsg' with QoS 1 ...
Dec 15, 2020 1:07:52 PM programmingtheiot.gda.connection.MqttClientConnector connectClient
INFO: Creating MQTT Client, broker: 'tcp://industrial.api.ubidots.com:1883', client id: 'paho109009586740600'...
Dec 15, 2020 1:07:52 PM programmingtheiot.gda.connection.MqttClientConnector connectClient
INFO: Connecting to broker...
Dec 15, 2020 1:07:54 PM programmingtheiot.gda.connection.MqttClientConnector connectClient
WARNING: Fail to connect to broker: Not authorized to connect (5)
Dec 15, 2020 1:07:54 PM programmingtheiot.gda.system.SystemPerformanceManager startManager
INFO: Starting SystemPerformanceManager  ...
Dec 15, 2020 1:07:54 PM programmingtheiot.gda.system.SystemPerformanceManager startManager
INFO: Starting a schedule for polling Telemetry data ...
Dec 15, 2020 1:07:54 PM programmingtheiot.gda.system.SystemPerformanceManager startManager
INFO: Schedule for polling Telemetry data started.
Dec 15, 2020 1:07:54 PM programmingtheiot.gda.system.SystemPerformanceManager startManager
INFO: SystemPerformanceManager Started.
Dec 15, 2020 1:07:54 PM programmingtheiot.gda.app.DeviceDataManager startManager
INFO: DeviceDataManager started.
Dec 15, 2020 1:07:54 PM programmingtheiot.gda.app.GatewayDeviceApp startApp
INFO: GDA started successfully.
Dec 15, 2020 1:07:54 PM programmingtheiot.gda.app.DeviceDataManager handleSensorMessage
INFO: Handling a SensorMessage: SensorData{sensorType=0, value=-1.0} BaseIotData{name='CpuUtil', timeStamp='2020-12-15 13:07:54.000006', hasError=false, statusCode=0}
Dec 15, 2020 1:07:54 PM programmingtheiot.gda.connection.RedisPersistenceAdapter storeData
INFO: ZADD CpuUtil SensorData to topic: PIOT/GatewayDevice/SystemPerfMsg with score: 1608066474006
Dec 15, 2020 1:07:54 PM programmingtheiot.gda.connection.MqttClientConnector publishMessage
INFO: Publishing to topic '/v1.6/devices/GatewayDevice' with QoS 1, msg:
{
  "CpuUtil": {
    "value": -1.0,
    "timestamp": 1.608066474006E12
  }
}
Dec 15, 2020 1:07:54 PM programmingtheiot.gda.connection.MqttClientConnector publishMessage
WARNING: MqttException exception thrown when publishing to topic : Client is not connected (32104)
Dec 15, 2020 1:07:54 PM programmingtheiot.gda.app.DeviceDataManager handleSensorMessage
INFO: Handling a SensorMessage: SensorData{sensorType=0, value=2.097152E7} BaseIotData{name='MemUtil', timeStamp='2020-12-15 13:07:54.000016', hasError=false, statusCode=0}
Dec 15, 2020 1:07:54 PM programmingtheiot.gda.connection.RedisPersistenceAdapter storeData
INFO: ZADD MemUtil SensorData to topic: PIOT/GatewayDevice/SystemPerfMsg with score: 1608066474016
Dec 15, 2020 1:07:54 PM programmingtheiot.gda.connection.MqttClientConnector publishMessage
INFO: Publishing to topic '/v1.6/devices/GatewayDevice' with QoS 1, msg:
{
  "MemUtil": {
    "value": 2.097152E7,
    "timestamp": 1.608066474016E12
  }
}
Dec 15, 2020 1:07:54 PM programmingtheiot.gda.connection.MqttClientConnector publishMessage
WARNING: MqttException exception thrown when publishing to topic : Client is not connected (32104)
