Dec 13, 2020 4:57:54 AM programmingtheiot.gda.app.GatewayDeviceApp <init>
INFO: Initializing GDA...
Dec 13, 2020 4:57:54 AM programmingtheiot.gda.app.GatewayDeviceApp parseArgs
INFO: Parsing args...
Dec 13, 2020 4:57:54 AM programmingtheiot.gda.app.GatewayDeviceApp parseArgs
INFO: Parsing 0 command line args.
Dec 13, 2020 4:57:55 AM programmingtheiot.gda.app.GatewayDeviceApp initConfig
INFO: Attempting to load configuration: Default.
Dec 13, 2020 4:57:55 AM programmingtheiot.gda.app.DeviceDataManager <init>
INFO: Get config enablePersistenceClient: true
Dec 13, 2020 4:57:55 AM programmingtheiot.gda.system.SystemPerformanceManager <init>
INFO: Initialize SystemPerformanceManager with pollSecs: 30.
Dec 13, 2020 4:57:55 AM programmingtheiot.gda.connection.MqttClientConnector initSecureConnectionParameters
INFO: Configuring TLS...
Dec 13, 2020 4:57:55 AM programmingtheiot.gda.connection.MqttClientConnector initSecureConnectionParameters
WARNING: PEM file invalid. Using insecure connection: ../keys/UbidotsCloudCert.pem
java.lang.Exception
	at programmingtheiot.gda.connection.MqttClientConnector.initSecureConnectionParameters(MqttClientConnector.java:415)
	at programmingtheiot.gda.connection.MqttClientConnector.initClientParameters(MqttClientConnector.java:367)
	at programmingtheiot.gda.connection.MqttClientConnector.<init>(MqttClientConnector.java:89)
	at programmingtheiot.gda.connection.CloudClientConnector.<init>(CloudClientConnector.java:45)
	at programmingtheiot.gda.app.DeviceDataManager.initConnections(DeviceDataManager.java:276)
	at programmingtheiot.gda.app.DeviceDataManager.<init>(DeviceDataManager.java:78)
	at programmingtheiot.gda.app.GatewayDeviceApp.<init>(GatewayDeviceApp.java:53)
	at programmingtheiot.gda.app.GatewayDeviceApp.main(GatewayDeviceApp.java:82)

Dec 13, 2020 4:57:55 AM programmingtheiot.common.ConfigUtil getCredentials
WARNING: Failed to load credentials from file: ../keys/UbidotsCloudCred.props
java.io.FileNotFoundException: ../keys/UbidotsCloudCred.props (No such file or directory)
	at java.base/java.io.FileInputStream.open0(Native Method)
	at java.base/java.io.FileInputStream.open(FileInputStream.java:219)
	at java.base/java.io.FileInputStream.<init>(FileInputStream.java:157)
	at java.base/java.io.FileInputStream.<init>(FileInputStream.java:112)
	at programmingtheiot.common.ConfigUtil.getCredentials(ConfigUtil.java:277)
	at programmingtheiot.gda.connection.MqttClientConnector.initCredentialConnectionParameters(MqttClientConnector.java:391)
	at programmingtheiot.gda.connection.MqttClientConnector.initClientParameters(MqttClientConnector.java:372)
	at programmingtheiot.gda.connection.MqttClientConnector.<init>(MqttClientConnector.java:89)
	at programmingtheiot.gda.connection.CloudClientConnector.<init>(CloudClientConnector.java:45)
	at programmingtheiot.gda.app.DeviceDataManager.initConnections(DeviceDataManager.java:276)
	at programmingtheiot.gda.app.DeviceDataManager.<init>(DeviceDataManager.java:78)
	at programmingtheiot.gda.app.GatewayDeviceApp.<init>(GatewayDeviceApp.java:53)
	at programmingtheiot.gda.app.GatewayDeviceApp.main(GatewayDeviceApp.java:82)

Dec 13, 2020 4:57:55 AM programmingtheiot.gda.connection.MqttClientConnector initCredentialConnectionParameters
INFO: Load userToken from credFile: null
Dec 13, 2020 4:57:55 AM programmingtheiot.gda.app.GatewayDeviceApp startApp
INFO: Starting GDA...
Dec 13, 2020 4:57:55 AM programmingtheiot.gda.app.DeviceDataManager startManager
INFO: DeviceDataManager starting...
Dec 13, 2020 4:57:55 AM programmingtheiot.gda.connection.MqttClientConnector connectClient
INFO: Creating MQTT Client, broker: 'tcp://10.1.10.209:1883', client id: 'paho6370017390176'...
Dec 13, 2020 4:57:55 AM programmingtheiot.gda.connection.MqttClientConnector connectClient
INFO: Connecting to broker...
