Dec 15, 2020 1:25:03 PM programmingtheiot.gda.app.GatewayDeviceApp <init>
INFO: Initializing GDA...
Dec 15, 2020 1:25:03 PM programmingtheiot.gda.app.GatewayDeviceApp parseArgs
INFO: Parsing args...
Dec 15, 2020 1:25:03 PM programmingtheiot.gda.app.GatewayDeviceApp parseArgs
INFO: Parsing 0 command line args.
Dec 15, 2020 1:25:03 PM programmingtheiot.gda.app.GatewayDeviceApp initConfig
INFO: Attempting to load configuration: Default.
Dec 15, 2020 1:25:03 PM programmingtheiot.gda.app.DeviceDataManager <init>
INFO: Get config enablePersistenceClient: true
Dec 15, 2020 1:25:03 PM programmingtheiot.gda.system.SystemPerformanceManager <init>
INFO: Initialize SystemPerformanceManager with pollSecs: 30.
Dec 15, 2020 1:25:03 PM programmingtheiot.gda.connection.MqttClientConnector initSecureConnectionParameters
INFO: Configuring TLS...
Dec 15, 2020 1:25:03 PM programmingtheiot.gda.connection.MqttClientConnector initSecureConnectionParameters
INFO: PEM file valid. Using secure connection: ../keys/UbidotsCloudCert.pem
Dec 15, 2020 1:25:03 PM programmingtheiot.common.SimpleCertManagementUtil loadCertificate
INFO: Configuring SSL using X.509 certificate from file: ../keys/UbidotsCloudCert.pem
Dec 15, 2020 1:25:03 PM programmingtheiot.common.SimpleCertManagementUtil importCertificate
INFO: Successfully imported X.509 certificate using entry name UbidotsCloudCert.pem.3188.1 from file: ../keys/UbidotsCloudCert.pem
Dec 15, 2020 1:25:03 PM programmingtheiot.common.SimpleCertManagementUtil importCertificate
INFO: Successfully imported X.509 certificate using entry name UbidotsCloudCert.pem.1968.2 from file: ../keys/UbidotsCloudCert.pem
Dec 15, 2020 1:25:03 PM programmingtheiot.common.SimpleCertManagementUtil loadCertificate
INFO: X.509 certificate load and SSL socket init successful from file: ../keys/UbidotsCloudCert.pem
Dec 15, 2020 1:25:03 PM programmingtheiot.gda.connection.MqttClientConnector initSecureConnectionParameters
INFO: TLS enabled.
Dec 15, 2020 1:25:03 PM programmingtheiot.gda.connection.MqttClientConnector initCredentialConnectionParameters
INFO: Load userToken from credFile: BBFF-f3akoXm3JeqFFBrWMX5r2qz6RKF4bK
Dec 15, 2020 1:25:03 PM programmingtheiot.gda.app.GatewayDeviceApp startApp
INFO: Starting GDA...
Dec 15, 2020 1:25:03 PM programmingtheiot.gda.app.DeviceDataManager startManager
INFO: DeviceDataManager starting...
Dec 15, 2020 1:25:03 PM programmingtheiot.gda.connection.MqttClientConnector connectClient
INFO: Creating MQTT Client, broker: 'tcp://10.1.10.209:1883', client id: 'paho110040478807000'...
Dec 15, 2020 1:25:03 PM programmingtheiot.gda.connection.MqttClientConnector connectClient
INFO: Connecting to broker...
Dec 15, 2020 1:25:03 PM programmingtheiot.gda.connection.RedisPersistenceAdapter connectClient
INFO: Redis client is connecting to server...
Dec 15, 2020 1:25:03 PM programmingtheiot.gda.connection.MqttClientConnector connectComplete
INFO: [Callback] Complete to connect to broker 'tcp://10.1.10.209:1883'
Dec 15, 2020 1:25:03 PM programmingtheiot.gda.connection.MqttClientConnector subscribeToTopic
INFO: Subscribing to topic 'PIOT/ConstrainedDevice/ActuatorResponse' with QoS 1 ...
Dec 15, 2020 1:25:03 PM programmingtheiot.gda.connection.MqttClientConnector subscribeToTopic
INFO: Subscribing to topic 'PIOT/ConstrainedDevice/SensorMsg' with QoS 1 ...
Dec 15, 2020 1:25:03 PM programmingtheiot.gda.connection.RedisPersistenceAdapter connectClient
INFO: Redis client succeeded to connect to server!
Dec 15, 2020 1:25:03 PM programmingtheiot.gda.connection.MqttClientConnector connectClient
INFO: Creating MQTT Client, broker: 'ssl://industrial.api.ubidots.com:8883', client id: 'paho110040487514700'...
Dec 15, 2020 1:25:03 PM programmingtheiot.gda.connection.MqttClientConnector subscribeToTopic
INFO: Subscribing to topic 'PIOT/ConstrainedDevice/SystemPerfMsg' with QoS 1 ...
Dec 15, 2020 1:25:03 PM programmingtheiot.gda.connection.MqttClientConnector connectClient
INFO: Connecting to broker...
Dec 15, 2020 1:25:04 PM programmingtheiot.gda.system.SystemPerformanceManager startManager
INFO: Starting SystemPerformanceManager  ...
Dec 15, 2020 1:25:04 PM programmingtheiot.gda.connection.MqttClientConnector connectComplete
INFO: [Callback] Complete to connect to broker 'ssl://industrial.api.ubidots.com:8883'
Dec 15, 2020 1:25:04 PM programmingtheiot.gda.system.SystemPerformanceManager startManager
INFO: Starting a schedule for polling Telemetry data ...
Dec 15, 2020 1:25:04 PM programmingtheiot.gda.connection.MqttClientConnector subscribeToTopic
INFO: Subscribing to topic '/v1.6/devices/constraineddevice/co2led/lv' with QoS 1 ...
Dec 15, 2020 1:25:04 PM programmingtheiot.gda.system.SystemPerformanceManager startManager
INFO: Schedule for polling Telemetry data started.
Dec 15, 2020 1:25:04 PM programmingtheiot.gda.system.SystemPerformanceManager startManager
INFO: SystemPerformanceManager Started.
Dec 15, 2020 1:25:04 PM programmingtheiot.gda.app.DeviceDataManager startManager
INFO: DeviceDataManager started.
Dec 15, 2020 1:25:04 PM programmingtheiot.gda.app.GatewayDeviceApp startApp
INFO: GDA started successfully.
Dec 15, 2020 1:25:04 PM programmingtheiot.gda.app.DeviceDataManager handleSensorMessage
INFO: Handling a SensorMessage: SensorData{sensorType=0, value=-1.0} BaseIotData{name='CpuUtil', timeStamp='2020-12-15 13:25:04.000617', hasError=false, statusCode=0}
Dec 15, 2020 1:25:04 PM programmingtheiot.gda.connection.RedisPersistenceAdapter storeData
INFO: ZADD CpuUtil SensorData to topic: PIOT/GatewayDevice/SystemPerfMsg with score: 1608067504617
Dec 15, 2020 1:25:04 PM programmingtheiot.gda.connection.MqttClientConnector publishMessage
INFO: Publishing to topic '/v1.6/devices/GatewayDevice' with QoS 1, msg:
{
  "CpuUtil": {
    "value": -1.0,
    "timestamp": 1.608067504617E12
  }
}
Dec 15, 2020 1:25:04 PM programmingtheiot.gda.connection.CloudClientConnector messageArrived
INFO: [Callback] Receive a message from topic '/v1.6/devices/constraineddevice/co2led/lv':
0.0
Dec 15, 2020 1:25:04 PM programmingtheiot.gda.connection.CloudClientConnector messageArrived
INFO: [Callback] Processed topic: 'constraineddevice/co2led'
Dec 15, 2020 1:25:04 PM programmingtheiot.gda.app.DeviceDataManager handleIncomingMessage
INFO: Handling an IncomingMessage '0.0' from 'constraineddevice/co2led'
Dec 15, 2020 1:25:04 PM programmingtheiot.gda.connection.MqttClientConnector publishMessage
INFO: Publishing to topic 'PIOT/ConstrainedDevice/ActuatorCmd' with QoS 1, msg:
{
  "actuatorType": 100,
  "command": 0,
  "isResponse": false,
  "value": 0.0,
  "stateData": "Default state data string",
  "name": "Not Set",
  "timeStamp": "2020-12-15 13:25:04.000750",
  "hasError": false,
  "statusCode": 0
}
Dec 15, 2020 1:25:04 PM programmingtheiot.gda.connection.MqttClientConnector deliveryComplete
INFO: [Callback] Complete to delivery to broker, response: PUBACK msgId 4
Dec 15, 2020 1:25:04 PM programmingtheiot.gda.app.DeviceDataManager handleSensorMessage
INFO: Handling a SensorMessage: SensorData{sensorType=0, value=1.4628168E7} BaseIotData{name='MemUtil', timeStamp='2020-12-15 13:25:04.000628', hasError=false, statusCode=0}
Dec 15, 2020 1:25:04 PM programmingtheiot.gda.connection.MqttClientConnector deliveryComplete
INFO: [Callback] Complete to delivery to broker, response: PUBACK msgId 2
Dec 15, 2020 1:25:04 PM programmingtheiot.gda.connection.RedisPersistenceAdapter storeData
INFO: ZADD MemUtil SensorData to topic: PIOT/GatewayDevice/SystemPerfMsg with score: 1608067504628
Dec 15, 2020 1:25:04 PM programmingtheiot.gda.connection.MqttClientConnector publishMessage
INFO: Publishing to topic '/v1.6/devices/GatewayDevice' with QoS 1, msg:
{
  "MemUtil": {
    "value": 1.4628168E7,
    "timestamp": 1.608067504628E12
  }
}
Dec 15, 2020 1:25:04 PM programmingtheiot.gda.connection.MqttClientConnector deliveryComplete
INFO: [Callback] Complete to delivery to broker, response: PUBACK msgId 3
Dec 15, 2020 1:25:08 PM programmingtheiot.gda.connection.MqttClientConnector messageArrived
INFO: [Callback] Receive a message from topic 'PIOT/ConstrainedDevice/SystemPerfMsg':
{
  "name": "SysPerfData",
  "timeStamp": "2020-12-15 13:25:08.741704",
  "hasError": false,
  "statusCode": 0,
  "cpuUtil": 10.1,
  "diskUtil": 0.3982242870987737,
  "memUtil": 8.0
}
Dec 15, 2020 1:25:08 PM programmingtheiot.gda.app.DeviceDataManager handleSystemPerformanceMessage
INFO: Handling a SystemPerformanceMessage: SystemPerformanceData{cpuUtil=10.1, diskUtil=0.3982243, memUtil=8.0} BaseIotData{name='SysPerfData', timeStamp='2020-12-15 13:25:08.741704', hasError=false, statusCode=0}
Dec 15, 2020 1:25:08 PM programmingtheiot.gda.connection.RedisPersistenceAdapter storeData
INFO: ZADD SysPerfData SystemPerformanceData to topic: PIOT/ConstrainedDevice/SystemPerfMsg with score: 1608068249704
Dec 15, 2020 1:25:08 PM programmingtheiot.gda.connection.MqttClientConnector publishMessage
INFO: Publishing to topic '/v1.6/devices/ConstrainedDevice' with QoS 1, msg:
{
  "CpuUtil": {
    "value": 10.100000381469727,
    "timestamp": 1.608068249704E12
  },
  "MemUtil": {
    "value": 8.0,
    "timestamp": 1.608068249704E12
  },
  "DiskUtil": {
    "value": 0.3982242941856384,
    "timestamp": 1.608068249704E12
  }
}
Dec 15, 2020 1:25:08 PM programmingtheiot.gda.connection.MqttClientConnector messageArrived
INFO: [Callback] Receive a message from topic 'PIOT/ConstrainedDevice/SensorMsg':
{
  "name": "TempSensor",
  "timeStamp": "2020-12-15 13:25:08.770492",
  "hasError": false,
  "statusCode": 0,
  "sensorType": 3,
  "value": 24.313018798828125
}
Dec 15, 2020 1:25:08 PM programmingtheiot.gda.connection.MqttClientConnector messageArrived
INFO: [Callback] Receive a message from topic 'PIOT/ConstrainedDevice/SensorMsg':
{
  "name": "PressureSensor",
  "timeStamp": "2020-12-15 13:25:08.769147",
  "hasError": false,
  "statusCode": 0,
  "sensorType": 2,
  "value": 1026.005615234375
}
Dec 15, 2020 1:25:08 PM programmingtheiot.gda.app.DeviceDataManager handleSensorMessage
INFO: Handling a SensorMessage: SensorData{sensorType=3, value=24.313019} BaseIotData{name='TempSensor', timeStamp='2020-12-15 13:25:08.770492', hasError=false, statusCode=0}
Dec 15, 2020 1:25:08 PM programmingtheiot.gda.connection.MqttClientConnector messageArrived
INFO: [Callback] Receive a message from topic 'PIOT/ConstrainedDevice/SensorMsg':
{
  "name": "HumiditySensor",
  "timeStamp": "2020-12-15 13:25:08.757766",
  "hasError": false,
  "statusCode": 0,
  "sensorType": 1,
  "value": 39.27191925048828
}
Dec 15, 2020 1:25:08 PM programmingtheiot.gda.app.DeviceDataManager handleSensorMessage
INFO: Handling a SensorMessage: SensorData{sensorType=2, value=1026.0056} BaseIotData{name='PressureSensor', timeStamp='2020-12-15 13:25:08.769147', hasError=false, statusCode=0}
Dec 15, 2020 1:25:08 PM programmingtheiot.gda.connection.MqttClientConnector messageArrived
INFO: [Callback] Receive a message from topic 'PIOT/ConstrainedDevice/SensorMsg':
{
  "name": "CO2Sensor",
  "timeStamp": "2020-12-15 13:25:08.784823",
  "hasError": false,
  "statusCode": 0,
  "sensorType": 4,
  "value": 617.0
}
Dec 15, 2020 1:25:08 PM programmingtheiot.gda.app.DeviceDataManager handleSensorMessage
INFO: Handling a SensorMessage: SensorData{sensorType=1, value=39.27192} BaseIotData{name='HumiditySensor', timeStamp='2020-12-15 13:25:08.757766', hasError=false, statusCode=0}
Dec 15, 2020 1:25:08 PM programmingtheiot.gda.connection.RedisPersistenceAdapter storeData
INFO: ZADD TempSensor SensorData to topic: PIOT/ConstrainedDevice/SensorMsg with score: 1608068278492
Dec 15, 2020 1:25:08 PM programmingtheiot.gda.app.DeviceDataManager handleSensorMessage
INFO: Handling a SensorMessage: SensorData{sensorType=4, value=617.0} BaseIotData{name='CO2Sensor', timeStamp='2020-12-15 13:25:08.784823', hasError=false, statusCode=0}
Dec 15, 2020 1:25:08 PM programmingtheiot.gda.connection.RedisPersistenceAdapter storeData
INFO: ZADD HumiditySensor SensorData to topic: PIOT/ConstrainedDevice/SensorMsg with score: 1608068265766
Dec 15, 2020 1:25:08 PM programmingtheiot.gda.connection.RedisPersistenceAdapter storeData
INFO: ZADD PressureSensor SensorData to topic: PIOT/ConstrainedDevice/SensorMsg with score: 1608068277147
Dec 15, 2020 1:25:08 PM programmingtheiot.gda.connection.MqttClientConnector publishMessage
INFO: Publishing to topic '/v1.6/devices/ConstrainedDevice' with QoS 1, msg:
{
  "TempSensor": {
    "value": 24.313018798828125,
    "timestamp": 1.608068278492E12
  }
}
Dec 15, 2020 1:25:08 PM programmingtheiot.gda.connection.MqttClientConnector publishMessage
INFO: Publishing to topic '/v1.6/devices/ConstrainedDevice' with QoS 1, msg:
{
  "HumiditySensor": {
    "value": 39.27191925048828,
    "timestamp": 1.608068265766E12
  }
}
Dec 15, 2020 1:25:08 PM programmingtheiot.gda.connection.MqttClientConnector publishMessage
INFO: Publishing to topic '/v1.6/devices/ConstrainedDevice' with QoS 1, msg:
{
  "PressureSensor": {
    "value": 1026.005615234375,
    "timestamp": 1.608068277147E12
  }
}
Dec 15, 2020 1:25:08 PM programmingtheiot.gda.connection.RedisPersistenceAdapter storeData
INFO: ZADD CO2Sensor SensorData to topic: PIOT/ConstrainedDevice/SensorMsg with score: 1608068292823
Dec 15, 2020 1:25:08 PM programmingtheiot.gda.connection.MqttClientConnector publishMessage
INFO: Publishing to topic '/v1.6/devices/ConstrainedDevice' with QoS 1, msg:
{
  "CO2Sensor": {
    "value": 617.0,
    "timestamp": 1.608068292823E12
  }
}
Dec 15, 2020 1:25:08 PM programmingtheiot.gda.connection.MqttClientConnector deliveryComplete
INFO: [Callback] Complete to delivery to broker, response: PUBACK msgId 4
Dec 15, 2020 1:25:08 PM programmingtheiot.gda.connection.MqttClientConnector deliveryComplete
INFO: [Callback] Complete to delivery to broker, response: PUBACK msgId 5
Dec 15, 2020 1:25:08 PM programmingtheiot.gda.connection.MqttClientConnector deliveryComplete
INFO: [Callback] Complete to delivery to broker, response: PUBACK msgId 6
Dec 15, 2020 1:25:08 PM programmingtheiot.gda.connection.MqttClientConnector deliveryComplete
INFO: [Callback] Complete to delivery to broker, response: PUBACK msgId 7
Dec 15, 2020 1:25:08 PM programmingtheiot.gda.connection.MqttClientConnector deliveryComplete
INFO: [Callback] Complete to delivery to broker, response: PUBACK msgId 8
Dec 15, 2020 1:25:23 PM programmingtheiot.gda.connection.MqttClientConnector messageArrived
INFO: [Callback] Receive a message from topic 'PIOT/ConstrainedDevice/SystemPerfMsg':
{
  "name": "SysPerfData",
  "timeStamp": "2020-12-15 13:25:23.738797",
  "hasError": false,
  "statusCode": 0,
  "cpuUtil": 11.1,
  "diskUtil": 0.39822500402554384,
  "memUtil": 8.0
}
Dec 15, 2020 1:25:23 PM programmingtheiot.gda.app.DeviceDataManager handleSystemPerformanceMessage
INFO: Handling a SystemPerformanceMessage: SystemPerformanceData{cpuUtil=11.1, diskUtil=0.398225, memUtil=8.0} BaseIotData{name='SysPerfData', timeStamp='2020-12-15 13:25:23.738797', hasError=false, statusCode=0}
Dec 15, 2020 1:25:23 PM programmingtheiot.gda.connection.RedisPersistenceAdapter storeData
INFO: ZADD SysPerfData SystemPerformanceData to topic: PIOT/ConstrainedDevice/SystemPerfMsg with score: 1608068261797
Dec 15, 2020 1:25:23 PM programmingtheiot.gda.connection.MqttClientConnector publishMessage
INFO: Publishing to topic '/v1.6/devices/ConstrainedDevice' with QoS 1, msg:
{
  "CpuUtil": {
    "value": 11.100000381469727,
    "timestamp": 1.608068261797E12
  },
  "MemUtil": {
    "value": 8.0,
    "timestamp": 1.608068261797E12
  },
  "DiskUtil": {
    "value": 0.39822500944137573,
    "timestamp": 1.608068261797E12
  }
}
Dec 15, 2020 1:25:23 PM programmingtheiot.gda.connection.MqttClientConnector messageArrived
INFO: [Callback] Receive a message from topic 'PIOT/ConstrainedDevice/SensorMsg':
{
  "name": "TempSensor",
  "timeStamp": "2020-12-15 13:25:23.761185",
  "hasError": false,
  "statusCode": 0,
  "sensorType": 3,
  "value": 24.42209243774414
}
Dec 15, 2020 1:25:23 PM programmingtheiot.gda.connection.MqttClientConnector messageArrived
INFO: [Callback] Receive a message from topic 'PIOT/ConstrainedDevice/SensorMsg':
{
  "name": "PressureSensor",
  "timeStamp": "2020-12-15 13:25:23.755459",
  "hasError": false,
  "statusCode": 0,
  "sensorType": 2,
  "value": 1026.01171875
}
Dec 15, 2020 1:25:23 PM programmingtheiot.gda.app.DeviceDataManager handleSensorMessage
INFO: Handling a SensorMessage: SensorData{sensorType=3, value=24.422092} BaseIotData{name='TempSensor', timeStamp='2020-12-15 13:25:23.761185', hasError=false, statusCode=0}
Dec 15, 2020 1:25:23 PM programmingtheiot.gda.connection.MqttClientConnector messageArrived
INFO: [Callback] Receive a message from topic 'PIOT/ConstrainedDevice/SensorMsg':
{
  "name": "HumiditySensor",
  "timeStamp": "2020-12-15 13:25:23.746892",
  "hasError": false,
  "statusCode": 0,
  "sensorType": 1,
  "value": 39.742191314697266
}
Dec 15, 2020 1:25:23 PM programmingtheiot.gda.app.DeviceDataManager handleSensorMessage
INFO: Handling a SensorMessage: SensorData{sensorType=2, value=1026.0117} BaseIotData{name='PressureSensor', timeStamp='2020-12-15 13:25:23.755459', hasError=false, statusCode=0}
Dec 15, 2020 1:25:23 PM programmingtheiot.gda.app.DeviceDataManager handleSensorMessage
INFO: Handling a SensorMessage: SensorData{sensorType=1, value=39.74219} BaseIotData{name='HumiditySensor', timeStamp='2020-12-15 13:25:23.746892', hasError=false, statusCode=0}
Dec 15, 2020 1:25:23 PM programmingtheiot.gda.connection.RedisPersistenceAdapter storeData
INFO: ZADD TempSensor SensorData to topic: PIOT/ConstrainedDevice/SensorMsg with score: 1608068284185
Dec 15, 2020 1:25:23 PM programmingtheiot.gda.connection.MqttClientConnector messageArrived
INFO: [Callback] Receive a message from topic 'PIOT/ConstrainedDevice/SensorMsg':
{
  "name": "CO2Sensor",
  "timeStamp": "2020-12-15 13:25:23.776796",
  "hasError": false,
  "statusCode": 0,
  "sensorType": 4,
  "value": 629.0
}
Dec 15, 2020 1:25:23 PM programmingtheiot.gda.connection.RedisPersistenceAdapter storeData
INFO: ZADD PressureSensor SensorData to topic: PIOT/ConstrainedDevice/SensorMsg with score: 1608068278459
Dec 15, 2020 1:25:23 PM programmingtheiot.gda.connection.MqttClientConnector publishMessage
INFO: Publishing to topic '/v1.6/devices/ConstrainedDevice' with QoS 1, msg:
{
  "TempSensor": {
    "value": 24.42209243774414,
    "timestamp": 1.608068284185E12
  }
}
Dec 15, 2020 1:25:23 PM programmingtheiot.gda.app.DeviceDataManager handleSensorMessage
INFO: Handling a SensorMessage: SensorData{sensorType=4, value=629.0} BaseIotData{name='CO2Sensor', timeStamp='2020-12-15 13:25:23.776796', hasError=false, statusCode=0}
Dec 15, 2020 1:25:23 PM programmingtheiot.gda.connection.RedisPersistenceAdapter storeData
INFO: ZADD HumiditySensor SensorData to topic: PIOT/ConstrainedDevice/SensorMsg with score: 1608068269892
Dec 15, 2020 1:25:23 PM programmingtheiot.gda.connection.MqttClientConnector publishMessage
INFO: Publishing to topic '/v1.6/devices/ConstrainedDevice' with QoS 1, msg:
{
  "PressureSensor": {
    "value": 1026.01171875,
    "timestamp": 1.608068278459E12
  }
}
Dec 15, 2020 1:25:23 PM programmingtheiot.gda.connection.MqttClientConnector publishMessage
INFO: Publishing to topic '/v1.6/devices/ConstrainedDevice' with QoS 1, msg:
{
  "HumiditySensor": {
    "value": 39.742191314697266,
    "timestamp": 1.608068269892E12
  }
}
Dec 15, 2020 1:25:23 PM programmingtheiot.gda.connection.RedisPersistenceAdapter storeData
INFO: ZADD CO2Sensor SensorData to topic: PIOT/ConstrainedDevice/SensorMsg with score: 1608068299796
Dec 15, 2020 1:25:23 PM programmingtheiot.gda.connection.MqttClientConnector publishMessage
INFO: Publishing to topic '/v1.6/devices/ConstrainedDevice' with QoS 1, msg:
{
  "CO2Sensor": {
    "value": 629.0,
    "timestamp": 1.608068299796E12
  }
}
Dec 15, 2020 1:25:23 PM programmingtheiot.gda.connection.MqttClientConnector deliveryComplete
INFO: [Callback] Complete to delivery to broker, response: PUBACK msgId 9
Dec 15, 2020 1:25:23 PM programmingtheiot.gda.connection.MqttClientConnector deliveryComplete
INFO: [Callback] Complete to delivery to broker, response: PUBACK msgId 10
Dec 15, 2020 1:25:23 PM programmingtheiot.gda.connection.MqttClientConnector deliveryComplete
INFO: [Callback] Complete to delivery to broker, response: PUBACK msgId 11
Dec 15, 2020 1:25:23 PM programmingtheiot.gda.connection.MqttClientConnector deliveryComplete
INFO: [Callback] Complete to delivery to broker, response: PUBACK msgId 12
Dec 15, 2020 1:25:23 PM programmingtheiot.gda.connection.MqttClientConnector deliveryComplete
INFO: [Callback] Complete to delivery to broker, response: PUBACK msgId 13
Dec 15, 2020 1:25:34 PM programmingtheiot.gda.app.DeviceDataManager handleSensorMessage
INFO: Handling a SensorMessage: SensorData{sensorType=0, value=-1.0} BaseIotData{name='CpuUtil', timeStamp='2020-12-15 13:25:34.000617', hasError=false, statusCode=0}
Dec 15, 2020 1:25:34 PM programmingtheiot.gda.connection.RedisPersistenceAdapter storeData
INFO: ZADD CpuUtil SensorData to topic: PIOT/GatewayDevice/SystemPerfMsg with score: 1608067534617
Dec 15, 2020 1:25:34 PM programmingtheiot.gda.connection.MqttClientConnector publishMessage
INFO: Publishing to topic '/v1.6/devices/GatewayDevice' with QoS 1, msg:
{
  "CpuUtil": {
    "value": -1.0,
    "timestamp": 1.608067534617E12
  }
}
Dec 15, 2020 1:25:34 PM programmingtheiot.gda.app.DeviceDataManager handleSensorMessage
INFO: Handling a SensorMessage: SensorData{sensorType=0, value=1.8822472E7} BaseIotData{name='MemUtil', timeStamp='2020-12-15 13:25:34.000617', hasError=false, statusCode=0}
Dec 15, 2020 1:25:34 PM programmingtheiot.gda.connection.MqttClientConnector deliveryComplete
INFO: [Callback] Complete to delivery to broker, response: PUBACK msgId 14
Dec 15, 2020 1:25:34 PM programmingtheiot.gda.connection.RedisPersistenceAdapter storeData
INFO: ZADD MemUtil SensorData to topic: PIOT/GatewayDevice/SystemPerfMsg with score: 1608067534617
Dec 15, 2020 1:25:34 PM programmingtheiot.gda.connection.MqttClientConnector publishMessage
INFO: Publishing to topic '/v1.6/devices/GatewayDevice' with QoS 1, msg:
{
  "MemUtil": {
    "value": 1.8822472E7,
    "timestamp": 1.608067534617E12
  }
}
Dec 15, 2020 1:25:34 PM programmingtheiot.gda.connection.MqttClientConnector deliveryComplete
INFO: [Callback] Complete to delivery to broker, response: PUBACK msgId 15
Dec 15, 2020 1:25:38 PM programmingtheiot.gda.connection.MqttClientConnector messageArrived
INFO: [Callback] Receive a message from topic 'PIOT/ConstrainedDevice/SystemPerfMsg':
{
  "name": "SysPerfData",
  "timeStamp": "2020-12-15 13:25:38.754029",
  "hasError": false,
  "statusCode": 0,
  "cpuUtil": 11.1,
  "diskUtil": 0.39822586433766793,
  "memUtil": 8.0
}
Dec 15, 2020 1:25:38 PM programmingtheiot.gda.app.DeviceDataManager handleSystemPerformanceMessage
INFO: Handling a SystemPerformanceMessage: SystemPerformanceData{cpuUtil=11.1, diskUtil=0.39822587, memUtil=8.0} BaseIotData{name='SysPerfData', timeStamp='2020-12-15 13:25:38.754029', hasError=false, statusCode=0}
Dec 15, 2020 1:25:38 PM programmingtheiot.gda.connection.RedisPersistenceAdapter storeData
INFO: ZADD SysPerfData SystemPerformanceData to topic: PIOT/ConstrainedDevice/SystemPerfMsg with score: 1608068292029
Dec 15, 2020 1:25:38 PM programmingtheiot.gda.connection.MqttClientConnector publishMessage
INFO: Publishing to topic '/v1.6/devices/ConstrainedDevice' with QoS 1, msg:
{
  "CpuUtil": {
    "value": 11.100000381469727,
    "timestamp": 1.608068292029E12
  },
  "MemUtil": {
    "value": 8.0,
    "timestamp": 1.608068292029E12
  },
  "DiskUtil": {
    "value": 0.398225873708725,
    "timestamp": 1.608068292029E12
  }
}
Dec 15, 2020 1:25:38 PM programmingtheiot.gda.connection.MqttClientConnector messageArrived
INFO: [Callback] Receive a message from topic 'PIOT/ConstrainedDevice/SensorMsg':
{
  "name": "TempSensor",
  "timeStamp": "2020-12-15 13:25:38.758768",
  "hasError": false,
  "statusCode": 0,
  "sensorType": 3,
  "value": 24.367555618286133
}
Dec 15, 2020 1:25:38 PM programmingtheiot.gda.connection.MqttClientConnector messageArrived
INFO: [Callback] Receive a message from topic 'PIOT/ConstrainedDevice/SensorMsg':
{
  "name": "PressureSensor",
  "timeStamp": "2020-12-15 13:25:38.756600",
  "hasError": false,
  "statusCode": 0,
  "sensorType": 2,
  "value": 1026.014892578125
}
Dec 15, 2020 1:25:38 PM programmingtheiot.gda.connection.MqttClientConnector messageArrived
INFO: [Callback] Receive a message from topic 'PIOT/ConstrainedDevice/SensorMsg':
{
  "name": "HumiditySensor",
  "timeStamp": "2020-12-15 13:25:38.745479",
  "hasError": false,
  "statusCode": 0,
  "sensorType": 1,
  "value": 40.31406784057617
}
Dec 15, 2020 1:25:38 PM programmingtheiot.gda.app.DeviceDataManager handleSensorMessage
INFO: Handling a SensorMessage: SensorData{sensorType=3, value=24.367556} BaseIotData{name='TempSensor', timeStamp='2020-12-15 13:25:38.758768', hasError=false, statusCode=0}
Dec 15, 2020 1:25:38 PM programmingtheiot.gda.connection.MqttClientConnector messageArrived
INFO: [Callback] Receive a message from topic 'PIOT/ConstrainedDevice/SensorMsg':
{
  "name": "CO2Sensor",
  "timeStamp": "2020-12-15 13:25:38.783953",
  "hasError": false,
  "statusCode": 0,
  "sensorType": 4,
  "value": 569.0
}
Dec 15, 2020 1:25:38 PM programmingtheiot.gda.app.DeviceDataManager handleSensorMessage
INFO: Handling a SensorMessage: SensorData{sensorType=2, value=1026.0149} BaseIotData{name='PressureSensor', timeStamp='2020-12-15 13:25:38.756600', hasError=false, statusCode=0}
Dec 15, 2020 1:25:38 PM programmingtheiot.gda.app.DeviceDataManager handleSensorMessage
INFO: Handling a SensorMessage: SensorData{sensorType=4, value=569.0} BaseIotData{name='CO2Sensor', timeStamp='2020-12-15 13:25:38.783953', hasError=false, statusCode=0}
Dec 15, 2020 1:25:38 PM programmingtheiot.gda.app.DeviceDataManager handleSensorMessage
INFO: Handling a SensorMessage: SensorData{sensorType=1, value=40.314068} BaseIotData{name='HumiditySensor', timeStamp='2020-12-15 13:25:38.745479', hasError=false, statusCode=0}
Dec 15, 2020 1:25:38 PM programmingtheiot.gda.connection.RedisPersistenceAdapter storeData
INFO: ZADD TempSensor SensorData to topic: PIOT/ConstrainedDevice/SensorMsg with score: 1608068296768
Dec 15, 2020 1:25:38 PM programmingtheiot.gda.connection.RedisPersistenceAdapter storeData
INFO: ZADD PressureSensor SensorData to topic: PIOT/ConstrainedDevice/SensorMsg with score: 1608068294600
Dec 15, 2020 1:25:38 PM programmingtheiot.gda.connection.MqttClientConnector publishMessage
INFO: Publishing to topic '/v1.6/devices/ConstrainedDevice' with QoS 1, msg:
{
  "TempSensor": {
    "value": 24.367555618286133,
    "timestamp": 1.608068296768E12
  }
}
Dec 15, 2020 1:25:38 PM programmingtheiot.gda.connection.MqttClientConnector publishMessage
INFO: Publishing to topic '/v1.6/devices/ConstrainedDevice' with QoS 1, msg:
{
  "PressureSensor": {
    "value": 1026.014892578125,
    "timestamp": 1.6080682946E12
  }
}
Dec 15, 2020 1:25:38 PM programmingtheiot.gda.connection.RedisPersistenceAdapter storeData
INFO: ZADD CO2Sensor SensorData to topic: PIOT/ConstrainedDevice/SensorMsg with score: 1608068321953
Dec 15, 2020 1:25:38 PM programmingtheiot.gda.connection.RedisPersistenceAdapter storeData
INFO: ZADD HumiditySensor SensorData to topic: PIOT/ConstrainedDevice/SensorMsg with score: 1608068283479
Dec 15, 2020 1:25:38 PM programmingtheiot.gda.connection.MqttClientConnector publishMessage
INFO: Publishing to topic '/v1.6/devices/ConstrainedDevice' with QoS 1, msg:
{
  "HumiditySensor": {
    "value": 40.31406784057617,
    "timestamp": 1.608068283479E12
  }
}
Dec 15, 2020 1:25:38 PM programmingtheiot.gda.connection.MqttClientConnector publishMessage
INFO: Publishing to topic '/v1.6/devices/ConstrainedDevice' with QoS 1, msg:
{
  "CO2Sensor": {
    "value": 569.0,
    "timestamp": 1.608068321953E12
  }
}
Dec 15, 2020 1:25:38 PM programmingtheiot.gda.connection.MqttClientConnector deliveryComplete
INFO: [Callback] Complete to delivery to broker, response: PUBACK msgId 16
Dec 15, 2020 1:25:38 PM programmingtheiot.gda.connection.MqttClientConnector deliveryComplete
INFO: [Callback] Complete to delivery to broker, response: PUBACK msgId 17
Dec 15, 2020 1:25:38 PM programmingtheiot.gda.connection.MqttClientConnector deliveryComplete
INFO: [Callback] Complete to delivery to broker, response: PUBACK msgId 18
Dec 15, 2020 1:25:38 PM programmingtheiot.gda.connection.MqttClientConnector deliveryComplete
INFO: [Callback] Complete to delivery to broker, response: PUBACK msgId 19
Dec 15, 2020 1:25:38 PM programmingtheiot.gda.connection.MqttClientConnector deliveryComplete
INFO: [Callback] Complete to delivery to broker, response: PUBACK msgId 20
Dec 15, 2020 1:25:53 PM programmingtheiot.gda.connection.MqttClientConnector messageArrived
INFO: [Callback] Receive a message from topic 'PIOT/ConstrainedDevice/SystemPerfMsg':
{
  "name": "SysPerfData",
  "timeStamp": "2020-12-15 13:25:53.757171",
  "hasError": false,
  "statusCode": 0,
  "cpuUtil": 10.5,
  "diskUtil": 0.39822672464979203,
  "memUtil": 8.0
}
Dec 15, 2020 1:25:53 PM programmingtheiot.gda.app.DeviceDataManager handleSystemPerformanceMessage
INFO: Handling a SystemPerformanceMessage: SystemPerformanceData{cpuUtil=10.5, diskUtil=0.39822674, memUtil=8.0} BaseIotData{name='SysPerfData', timeStamp='2020-12-15 13:25:53.757171', hasError=false, statusCode=0}
Dec 15, 2020 1:25:53 PM programmingtheiot.gda.connection.RedisPersistenceAdapter storeData
INFO: ZADD SysPerfData SystemPerformanceData to topic: PIOT/ConstrainedDevice/SystemPerfMsg with score: 1608068310171
Dec 15, 2020 1:25:53 PM programmingtheiot.gda.connection.MqttClientConnector publishMessage
INFO: Publishing to topic '/v1.6/devices/ConstrainedDevice' with QoS 1, msg:
{
  "CpuUtil": {
    "value": 10.5,
    "timestamp": 1.608068310171E12
  },
  "MemUtil": {
    "value": 8.0,
    "timestamp": 1.608068310171E12
  },
  "DiskUtil": {
    "value": 0.3982267379760742,
    "timestamp": 1.608068310171E12
  }
}
Dec 15, 2020 1:25:53 PM programmingtheiot.gda.connection.MqttClientConnector messageArrived
INFO: [Callback] Receive a message from topic 'PIOT/ConstrainedDevice/SensorMsg':
{
  "name": "TempSensor",
  "timeStamp": "2020-12-15 13:25:53.757930",
  "hasError": false,
  "statusCode": 0,
  "sensorType": 3,
  "value": 24.403913497924805
}
Dec 15, 2020 1:25:53 PM programmingtheiot.gda.connection.MqttClientConnector messageArrived
INFO: [Callback] Receive a message from topic 'PIOT/ConstrainedDevice/SensorMsg':
{
  "name": "PressureSensor",
  "timeStamp": "2020-12-15 13:25:53.756348",
  "hasError": false,
  "statusCode": 0,
  "sensorType": 2,
  "value": 1026.016357421875
}
Dec 15, 2020 1:25:53 PM programmingtheiot.gda.connection.MqttClientConnector messageArrived
INFO: [Callback] Receive a message from topic 'PIOT/ConstrainedDevice/SensorMsg':
{
  "name": "HumiditySensor",
  "timeStamp": "2020-12-15 13:25:53.747132",
  "hasError": false,
  "statusCode": 0,
  "sensorType": 1,
  "value": 41.930992126464844
}
Dec 15, 2020 1:25:53 PM programmingtheiot.gda.app.DeviceDataManager handleSensorMessage
INFO: Handling a SensorMessage: SensorData{sensorType=3, value=24.403913} BaseIotData{name='TempSensor', timeStamp='2020-12-15 13:25:53.757930', hasError=false, statusCode=0}
Dec 15, 2020 1:25:53 PM programmingtheiot.gda.app.DeviceDataManager handleSensorMessage
INFO: Handling a SensorMessage: SensorData{sensorType=2, value=1026.0164} BaseIotData{name='PressureSensor', timeStamp='2020-12-15 13:25:53.756348', hasError=false, statusCode=0}
Dec 15, 2020 1:25:53 PM programmingtheiot.gda.connection.MqttClientConnector messageArrived
INFO: [Callback] Receive a message from topic 'PIOT/ConstrainedDevice/SensorMsg':
{
  "name": "CO2Sensor",
  "timeStamp": "2020-12-15 13:25:53.786582",
  "hasError": false,
  "statusCode": 0,
  "sensorType": 4,
  "value": 629.0
}
Dec 15, 2020 1:25:53 PM programmingtheiot.gda.app.DeviceDataManager handleSensorMessage
INFO: Handling a SensorMessage: SensorData{sensorType=1, value=41.930992} BaseIotData{name='HumiditySensor', timeStamp='2020-12-15 13:25:53.747132', hasError=false, statusCode=0}
Dec 15, 2020 1:25:53 PM programmingtheiot.gda.app.DeviceDataManager handleSensorMessage
INFO: Handling a SensorMessage: SensorData{sensorType=4, value=629.0} BaseIotData{name='CO2Sensor', timeStamp='2020-12-15 13:25:53.786582', hasError=false, statusCode=0}
Dec 15, 2020 1:25:53 PM programmingtheiot.gda.connection.MqttClientConnector deliveryComplete
INFO: [Callback] Complete to delivery to broker, response: PUBACK msgId 21
Dec 15, 2020 1:26:04 PM programmingtheiot.gda.app.DeviceDataManager handleSensorMessage
INFO: Handling a SensorMessage: SensorData{sensorType=0, value=-1.0} BaseIotData{name='CpuUtil', timeStamp='2020-12-15 13:26:04.000617', hasError=false, statusCode=0}
Dec 15, 2020 1:26:08 PM programmingtheiot.gda.connection.MqttClientConnector messageArrived
INFO: [Callback] Receive a message from topic 'PIOT/ConstrainedDevice/SensorMsg':
{
  "name": "TempSensor",
  "timeStamp": "2020-12-15 13:26:08.756622",
  "hasError": false,
  "statusCode": 0,
  "sensorType": 3,
  "value": 24.403913497924805
}
Dec 15, 2020 1:26:08 PM programmingtheiot.gda.app.DeviceDataManager handleSensorMessage
INFO: Handling a SensorMessage: SensorData{sensorType=3, value=24.403913} BaseIotData{name='TempSensor', timeStamp='2020-12-15 13:26:08.756622', hasError=false, statusCode=0}
Dec 15, 2020 1:26:08 PM programmingtheiot.gda.connection.MqttClientConnector messageArrived
INFO: [Callback] Receive a message from topic 'PIOT/ConstrainedDevice/SystemPerfMsg':
{
  "name": "SysPerfData",
  "timeStamp": "2020-12-15 13:26:08.758681",
  "hasError": false,
  "statusCode": 0,
  "cpuUtil": 11.6,
  "diskUtil": 0.39822772834727016,
  "memUtil": 8.0
}
Dec 15, 2020 1:26:08 PM programmingtheiot.gda.connection.MqttClientConnector messageArrived
INFO: [Callback] Receive a message from topic 'PIOT/ConstrainedDevice/SensorMsg':
{
  "name": "PressureSensor",
  "timeStamp": "2020-12-15 13:26:08.754866",
  "hasError": false,
  "statusCode": 0,
  "sensorType": 2,
  "value": 1026.00927734375
}
Dec 15, 2020 1:26:08 PM programmingtheiot.gda.connection.MqttClientConnector messageArrived
INFO: [Callback] Receive a message from topic 'PIOT/ConstrainedDevice/SensorMsg':
{
  "name": "HumiditySensor",
  "timeStamp": "2020-12-15 13:26:08.746136",
  "hasError": false,
  "statusCode": 0,
  "sensorType": 1,
  "value": 40.13698959350586
}
Dec 15, 2020 1:26:08 PM programmingtheiot.gda.app.DeviceDataManager handleSystemPerformanceMessage
INFO: Handling a SystemPerformanceMessage: SystemPerformanceData{cpuUtil=11.6, diskUtil=0.39822772, memUtil=8.0} BaseIotData{name='SysPerfData', timeStamp='2020-12-15 13:26:08.758681', hasError=false, statusCode=0}
Dec 15, 2020 1:26:08 PM programmingtheiot.gda.connection.MqttClientConnector messageArrived
INFO: [Callback] Receive a message from topic 'PIOT/ConstrainedDevice/SensorMsg':
{
  "name": "CO2Sensor",
  "timeStamp": "2020-12-15 13:26:08.779742",
  "hasError": false,
  "statusCode": 0,
  "sensorType": 4,
  "value": 564.0
}
Dec 15, 2020 1:26:08 PM programmingtheiot.gda.app.DeviceDataManager handleSensorMessage
INFO: Handling a SensorMessage: SensorData{sensorType=2, value=1026.0093} BaseIotData{name='PressureSensor', timeStamp='2020-12-15 13:26:08.754866', hasError=false, statusCode=0}
Dec 15, 2020 1:26:08 PM programmingtheiot.gda.app.DeviceDataManager handleSensorMessage
INFO: Handling a SensorMessage: SensorData{sensorType=1, value=40.13699} BaseIotData{name='HumiditySensor', timeStamp='2020-12-15 13:26:08.746136', hasError=false, statusCode=0}
Dec 15, 2020 1:26:08 PM programmingtheiot.gda.app.DeviceDataManager handleSensorMessage
INFO: Handling a SensorMessage: SensorData{sensorType=4, value=564.0} BaseIotData{name='CO2Sensor', timeStamp='2020-12-15 13:26:08.779742', hasError=false, statusCode=0}
Dec 15, 2020 1:26:23 PM programmingtheiot.gda.connection.MqttClientConnector messageArrived
INFO: [Callback] Receive a message from topic 'PIOT/ConstrainedDevice/SystemPerfMsg':
{
  "name": "SysPerfData",
  "timeStamp": "2020-12-15 13:26:23.740589",
  "hasError": false,
  "statusCode": 0,
  "cpuUtil": 12.1,
  "diskUtil": 0.39822830188868624,
  "memUtil": 8.0
}
Dec 15, 2020 1:26:23 PM programmingtheiot.gda.app.DeviceDataManager handleSystemPerformanceMessage
INFO: Handling a SystemPerformanceMessage: SystemPerformanceData{cpuUtil=12.1, diskUtil=0.3982283, memUtil=8.0} BaseIotData{name='SysPerfData', timeStamp='2020-12-15 13:26:23.740589', hasError=false, statusCode=0}
Dec 15, 2020 1:26:23 PM programmingtheiot.gda.connection.MqttClientConnector messageArrived
INFO: [Callback] Receive a message from topic 'PIOT/ConstrainedDevice/SensorMsg':
{
  "name": "TempSensor",
  "timeStamp": "2020-12-15 13:26:23.754925",
  "hasError": false,
  "statusCode": 0,
  "sensorType": 3,
  "value": 24.42209243774414
}
Dec 15, 2020 1:26:23 PM programmingtheiot.gda.connection.MqttClientConnector messageArrived
INFO: [Callback] Receive a message from topic 'PIOT/ConstrainedDevice/SensorMsg':
{
  "name": "PressureSensor",
  "timeStamp": "2020-12-15 13:26:23.753476",
  "hasError": false,
  "statusCode": 0,
  "sensorType": 2,
  "value": 1026.008544921875
}
Dec 15, 2020 1:26:23 PM programmingtheiot.gda.connection.MqttClientConnector messageArrived
INFO: [Callback] Receive a message from topic 'PIOT/ConstrainedDevice/SensorMsg':
{
  "name": "HumiditySensor",
  "timeStamp": "2020-12-15 13:26:23.746180",
  "hasError": false,
  "statusCode": 0,
  "sensorType": 1,
  "value": 39.451900482177734
}
Dec 15, 2020 1:26:23 PM programmingtheiot.gda.app.DeviceDataManager handleSensorMessage
INFO: Handling a SensorMessage: SensorData{sensorType=3, value=24.422092} BaseIotData{name='TempSensor', timeStamp='2020-12-15 13:26:23.754925', hasError=false, statusCode=0}
Dec 15, 2020 1:26:23 PM programmingtheiot.gda.app.DeviceDataManager handleSensorMessage
INFO: Handling a SensorMessage: SensorData{sensorType=2, value=1026.0085} BaseIotData{name='PressureSensor', timeStamp='2020-12-15 13:26:23.753476', hasError=false, statusCode=0}
Dec 15, 2020 1:26:23 PM programmingtheiot.gda.app.DeviceDataManager handleSensorMessage
INFO: Handling a SensorMessage: SensorData{sensorType=1, value=39.4519} BaseIotData{name='HumiditySensor', timeStamp='2020-12-15 13:26:23.746180', hasError=false, statusCode=0}
Dec 15, 2020 1:26:23 PM programmingtheiot.gda.connection.MqttClientConnector messageArrived
INFO: [Callback] Receive a message from topic 'PIOT/ConstrainedDevice/SensorMsg':
{
  "name": "CO2Sensor",
  "timeStamp": "2020-12-15 13:26:23.776911",
  "hasError": false,
  "statusCode": 0,
  "sensorType": 4,
  "value": 487.0
}
Dec 15, 2020 1:26:23 PM programmingtheiot.gda.app.DeviceDataManager handleSensorMessage
INFO: Handling a SensorMessage: SensorData{sensorType=4, value=487.0} BaseIotData{name='CO2Sensor', timeStamp='2020-12-15 13:26:23.776911', hasError=false, statusCode=0}
Dec 15, 2020 1:26:38 PM programmingtheiot.gda.connection.MqttClientConnector messageArrived
INFO: [Callback] Receive a message from topic 'PIOT/ConstrainedDevice/SensorMsg':
{
  "name": "TempSensor",
  "timeStamp": "2020-12-15 13:26:38.750389",
  "hasError": false,
  "statusCode": 0,
  "sensorType": 3,
  "value": 24.531164169311523
}
Dec 15, 2020 1:26:38 PM programmingtheiot.gda.app.DeviceDataManager handleSensorMessage
INFO: Handling a SensorMessage: SensorData{sensorType=3, value=24.531164} BaseIotData{name='TempSensor', timeStamp='2020-12-15 13:26:38.750389', hasError=false, statusCode=0}
Dec 15, 2020 1:26:38 PM programmingtheiot.gda.connection.MqttClientConnector messageArrived
INFO: [Callback] Receive a message from topic 'PIOT/ConstrainedDevice/SensorMsg':
{
  "name": "PressureSensor",
  "timeStamp": "2020-12-15 13:26:38.749651",
  "hasError": false,
  "statusCode": 0,
  "sensorType": 2,
  "value": 1026.007568359375
}
Dec 15, 2020 1:26:38 PM programmingtheiot.gda.connection.MqttClientConnector messageArrived
INFO: [Callback] Receive a message from topic 'PIOT/ConstrainedDevice/SystemPerfMsg':
{
  "name": "SysPerfData",
  "timeStamp": "2020-12-15 13:26:38.763832",
  "hasError": false,
  "statusCode": 0,
  "cpuUtil": 10.9,
  "diskUtil": 0.39822916220081034,
  "memUtil": 8.0
}
Dec 15, 2020 1:26:38 PM programmingtheiot.gda.connection.MqttClientConnector messageArrived
INFO: [Callback] Receive a message from topic 'PIOT/ConstrainedDevice/SensorMsg':
{
  "name": "HumiditySensor",
  "timeStamp": "2020-12-15 13:26:38.742639",
  "hasError": false,
  "statusCode": 0,
  "sensorType": 1,
  "value": 39.85540771484375
}
Dec 15, 2020 1:26:38 PM programmingtheiot.gda.app.DeviceDataManager handleSensorMessage
INFO: Handling a SensorMessage: SensorData{sensorType=2, value=1026.0076} BaseIotData{name='PressureSensor', timeStamp='2020-12-15 13:26:38.749651', hasError=false, statusCode=0}
Dec 15, 2020 1:26:38 PM programmingtheiot.gda.connection.MqttClientConnector messageArrived
INFO: [Callback] Receive a message from topic 'PIOT/ConstrainedDevice/SensorMsg':
{
  "name": "CO2Sensor",
  "timeStamp": "2020-12-15 13:26:38.786888",
  "hasError": true,
  "statusCode": -1,
  "sensorType": 4,
  "value": 33334.0
}
Dec 15, 2020 1:26:38 PM programmingtheiot.gda.app.DeviceDataManager handleSensorMessage
INFO: Handling a SensorMessage: SensorData{sensorType=1, value=39.855408} BaseIotData{name='HumiditySensor', timeStamp='2020-12-15 13:26:38.742639', hasError=false, statusCode=0}
Dec 15, 2020 1:26:38 PM programmingtheiot.gda.app.DeviceDataManager handleSystemPerformanceMessage
INFO: Handling a SystemPerformanceMessage: SystemPerformanceData{cpuUtil=10.9, diskUtil=0.39822915, memUtil=8.0} BaseIotData{name='SysPerfData', timeStamp='2020-12-15 13:26:38.763832', hasError=false, statusCode=0}
Dec 15, 2020 1:26:38 PM programmingtheiot.gda.app.DeviceDataManager handleSensorMessage
INFO: Handling a SensorMessage: SensorData{sensorType=4, value=33334.0} BaseIotData{name='CO2Sensor', timeStamp='2020-12-15 13:26:38.786888', hasError=true, statusCode=-1}
