Dec 15, 2020 1:26:41 PM programmingtheiot.gda.app.GatewayDeviceApp <init>
INFO: Initializing GDA...
Dec 15, 2020 1:26:41 PM programmingtheiot.gda.app.GatewayDeviceApp parseArgs
INFO: Parsing args...
Dec 15, 2020 1:26:41 PM programmingtheiot.gda.app.GatewayDeviceApp parseArgs
INFO: Parsing 0 command line args.
Dec 15, 2020 1:26:41 PM programmingtheiot.gda.app.GatewayDeviceApp initConfig
INFO: Attempting to load configuration: Default.
Dec 15, 2020 1:26:41 PM programmingtheiot.gda.app.DeviceDataManager <init>
INFO: Get config enablePersistenceClient: true
Dec 15, 2020 1:26:41 PM programmingtheiot.gda.system.SystemPerformanceManager <init>
INFO: Initialize SystemPerformanceManager with pollSecs: 30.
Dec 15, 2020 1:26:41 PM programmingtheiot.gda.connection.MqttClientConnector initSecureConnectionParameters
INFO: Configuring TLS...
Dec 15, 2020 1:26:41 PM programmingtheiot.gda.connection.MqttClientConnector initSecureConnectionParameters
INFO: PEM file valid. Using secure connection: ../keys/UbidotsCloudCert.pem
Dec 15, 2020 1:26:41 PM programmingtheiot.common.SimpleCertManagementUtil loadCertificate
INFO: Configuring SSL using X.509 certificate from file: ../keys/UbidotsCloudCert.pem
Dec 15, 2020 1:26:41 PM programmingtheiot.common.SimpleCertManagementUtil importCertificate
INFO: Successfully imported X.509 certificate using entry name UbidotsCloudCert.pem.3188.1 from file: ../keys/UbidotsCloudCert.pem
Dec 15, 2020 1:26:41 PM programmingtheiot.common.SimpleCertManagementUtil importCertificate
INFO: Successfully imported X.509 certificate using entry name UbidotsCloudCert.pem.1968.2 from file: ../keys/UbidotsCloudCert.pem
Dec 15, 2020 1:26:41 PM programmingtheiot.common.SimpleCertManagementUtil loadCertificate
INFO: X.509 certificate load and SSL socket init successful from file: ../keys/UbidotsCloudCert.pem
Dec 15, 2020 1:26:41 PM programmingtheiot.gda.connection.MqttClientConnector initSecureConnectionParameters
INFO: TLS enabled.
Dec 15, 2020 1:26:41 PM programmingtheiot.gda.connection.MqttClientConnector initCredentialConnectionParameters
INFO: Load userToken from credFile: BBFF-f3akoXm3JeqFFBrWMX5r2qz6RKF4bK
Dec 15, 2020 1:26:41 PM programmingtheiot.gda.app.GatewayDeviceApp startApp
INFO: Starting GDA...
Dec 15, 2020 1:26:41 PM programmingtheiot.gda.app.DeviceDataManager startManager
INFO: DeviceDataManager starting...
Dec 15, 2020 1:26:41 PM programmingtheiot.gda.connection.MqttClientConnector connectClient
INFO: Creating MQTT Client, broker: 'tcp://10.1.10.209:1883', client id: 'paho110138636058900'...
Dec 15, 2020 1:26:41 PM programmingtheiot.gda.connection.MqttClientConnector connectClient
INFO: Connecting to broker...
Dec 15, 2020 1:26:42 PM programmingtheiot.gda.connection.RedisPersistenceAdapter connectClient
INFO: Redis client is connecting to server...
Dec 15, 2020 1:26:42 PM programmingtheiot.gda.connection.MqttClientConnector connectComplete
INFO: [Callback] Complete to connect to broker 'tcp://10.1.10.209:1883'
Dec 15, 2020 1:26:42 PM programmingtheiot.gda.connection.MqttClientConnector subscribeToTopic
INFO: Subscribing to topic 'PIOT/ConstrainedDevice/ActuatorResponse' with QoS 1 ...
Dec 15, 2020 1:26:42 PM programmingtheiot.gda.connection.MqttClientConnector subscribeToTopic
INFO: Subscribing to topic 'PIOT/ConstrainedDevice/SensorMsg' with QoS 1 ...
Dec 15, 2020 1:26:42 PM programmingtheiot.gda.connection.RedisPersistenceAdapter connectClient
INFO: Redis client succeeded to connect to server!
Dec 15, 2020 1:26:42 PM programmingtheiot.gda.connection.MqttClientConnector connectClient
INFO: Creating MQTT Client, broker: 'ssl://industrial.api.ubidots.com:8883', client id: 'paho110138644862900'...
Dec 15, 2020 1:26:42 PM programmingtheiot.gda.connection.MqttClientConnector subscribeToTopic
INFO: Subscribing to topic 'PIOT/ConstrainedDevice/SystemPerfMsg' with QoS 1 ...
Dec 15, 2020 1:26:42 PM programmingtheiot.gda.connection.MqttClientConnector connectClient
INFO: Connecting to broker...
Dec 15, 2020 1:26:42 PM programmingtheiot.gda.system.SystemPerformanceManager startManager
INFO: Starting SystemPerformanceManager  ...
Dec 15, 2020 1:26:42 PM programmingtheiot.gda.connection.MqttClientConnector connectComplete
INFO: [Callback] Complete to connect to broker 'ssl://industrial.api.ubidots.com:8883'
Dec 15, 2020 1:26:42 PM programmingtheiot.gda.system.SystemPerformanceManager startManager
INFO: Starting a schedule for polling Telemetry data ...
Dec 15, 2020 1:26:42 PM programmingtheiot.gda.connection.MqttClientConnector subscribeToTopic
INFO: Subscribing to topic '/v1.6/devices/constraineddevice/co2led/lv' with QoS 1 ...
Dec 15, 2020 1:26:42 PM programmingtheiot.gda.system.SystemPerformanceManager startManager
INFO: Schedule for polling Telemetry data started.
Dec 15, 2020 1:26:42 PM programmingtheiot.gda.system.SystemPerformanceManager startManager
INFO: SystemPerformanceManager Started.
Dec 15, 2020 1:26:42 PM programmingtheiot.gda.app.DeviceDataManager startManager
INFO: DeviceDataManager started.
Dec 15, 2020 1:26:42 PM programmingtheiot.gda.app.GatewayDeviceApp startApp
INFO: GDA started successfully.
Dec 15, 2020 1:26:42 PM programmingtheiot.gda.app.DeviceDataManager handleSensorMessage
INFO: Handling a SensorMessage: SensorData{sensorType=0, value=-1.0} BaseIotData{name='CpuUtil', timeStamp='2020-12-15 13:26:42.000809', hasError=false, statusCode=0}
Dec 15, 2020 1:26:42 PM programmingtheiot.gda.connection.RedisPersistenceAdapter storeData
INFO: ZADD CpuUtil SensorData to topic: PIOT/GatewayDevice/SystemPerfMsg with score: 1608067602809
Dec 15, 2020 1:26:42 PM programmingtheiot.gda.connection.MqttClientConnector publishMessage
INFO: Publishing to topic '/v1.6/devices/GatewayDevice' with QoS 1, msg:
{
  "CpuUtil": {
    "value": -1.0,
    "timestamp": 1.608067602809E12
  }
}
Dec 15, 2020 1:26:42 PM programmingtheiot.gda.connection.CloudClientConnector messageArrived
INFO: [Callback] Receive a message from topic '/v1.6/devices/constraineddevice/co2led/lv':
0.0
Dec 15, 2020 1:26:42 PM programmingtheiot.gda.connection.CloudClientConnector messageArrived
INFO: [Callback] Processed topic: 'constraineddevice/co2led'
Dec 15, 2020 1:26:42 PM programmingtheiot.gda.app.DeviceDataManager handleIncomingMessage
INFO: Handling an IncomingMessage '0.0' from 'constraineddevice/co2led'
Dec 15, 2020 1:26:42 PM programmingtheiot.gda.connection.MqttClientConnector publishMessage
INFO: Publishing to topic 'PIOT/ConstrainedDevice/ActuatorCmd' with QoS 1, msg:
{
  "actuatorType": 100,
  "command": 0,
  "isResponse": false,
  "value": 0.0,
  "stateData": "Default state data string",
  "name": "Not Set",
  "timeStamp": "2020-12-15 13:26:42.000930",
  "hasError": false,
  "statusCode": 0
}
Dec 15, 2020 1:26:42 PM programmingtheiot.gda.connection.MqttClientConnector deliveryComplete
INFO: [Callback] Complete to delivery to broker, response: PUBACK msgId 4
Dec 15, 2020 1:26:43 PM programmingtheiot.gda.connection.MqttClientConnector deliveryComplete
INFO: [Callback] Complete to delivery to broker, response: PUBACK msgId 2
Dec 15, 2020 1:26:43 PM programmingtheiot.gda.app.DeviceDataManager handleSensorMessage
INFO: Handling a SensorMessage: SensorData{sensorType=0, value=1.2545672E7} BaseIotData{name='MemUtil', timeStamp='2020-12-15 13:26:42.000818', hasError=false, statusCode=0}
Dec 15, 2020 1:26:43 PM programmingtheiot.gda.connection.RedisPersistenceAdapter storeData
INFO: ZADD MemUtil SensorData to topic: PIOT/GatewayDevice/SystemPerfMsg with score: 1608067602818
Dec 15, 2020 1:26:43 PM programmingtheiot.gda.connection.MqttClientConnector publishMessage
INFO: Publishing to topic '/v1.6/devices/GatewayDevice' with QoS 1, msg:
{
  "MemUtil": {
    "value": 1.2545672E7,
    "timestamp": 1.608067602818E12
  }
}
Dec 15, 2020 1:26:43 PM programmingtheiot.gda.connection.MqttClientConnector deliveryComplete
INFO: [Callback] Complete to delivery to broker, response: PUBACK msgId 3
Dec 15, 2020 1:26:53 PM programmingtheiot.gda.connection.MqttClientConnector messageArrived
INFO: [Callback] Receive a message from topic 'PIOT/ConstrainedDevice/SystemPerfMsg':
{
  "name": "SysPerfData",
  "timeStamp": "2020-12-15 13:26:53.755318",
  "hasError": false,
  "statusCode": 0,
  "cpuUtil": 10.7,
  "diskUtil": 0.39823002251293443,
  "memUtil": 8.0
}
Dec 15, 2020 1:26:53 PM programmingtheiot.gda.app.DeviceDataManager handleSystemPerformanceMessage
INFO: Handling a SystemPerformanceMessage: SystemPerformanceData{cpuUtil=10.7, diskUtil=0.39823002, memUtil=8.0} BaseIotData{name='SysPerfData', timeStamp='2020-12-15 13:26:53.755318', hasError=false, statusCode=0}
Dec 15, 2020 1:26:53 PM programmingtheiot.gda.connection.RedisPersistenceAdapter storeData
INFO: ZADD SysPerfData SystemPerformanceData to topic: PIOT/ConstrainedDevice/SystemPerfMsg with score: 1608068368318
Dec 15, 2020 1:26:53 PM programmingtheiot.gda.connection.MqttClientConnector publishMessage
INFO: Publishing to topic '/v1.6/devices/ConstrainedDevice' with QoS 1, msg:
{
  "CpuUtil": {
    "value": 10.699999809265137,
    "timestamp": 1.608068368318E12
  },
  "MemUtil": {
    "value": 8.0,
    "timestamp": 1.608068368318E12
  },
  "DiskUtil": {
    "value": 0.39823001623153687,
    "timestamp": 1.608068368318E12
  }
}
Dec 15, 2020 1:26:53 PM programmingtheiot.gda.connection.MqttClientConnector messageArrived
INFO: [Callback] Receive a message from topic 'PIOT/ConstrainedDevice/SensorMsg':
{
  "name": "TempSensor",
  "timeStamp": "2020-12-15 13:26:53.757556",
  "hasError": false,
  "statusCode": 0,
  "sensorType": 3,
  "value": 24.42209243774414
}
Dec 15, 2020 1:26:53 PM programmingtheiot.gda.connection.MqttClientConnector messageArrived
INFO: [Callback] Receive a message from topic 'PIOT/ConstrainedDevice/SensorMsg':
{
  "name": "PressureSensor",
  "timeStamp": "2020-12-15 13:26:53.756129",
  "hasError": false,
  "statusCode": 0,
  "sensorType": 2,
  "value": 1025.97314453125
}
Dec 15, 2020 1:26:53 PM programmingtheiot.gda.app.DeviceDataManager handleSensorMessage
INFO: Handling a SensorMessage: SensorData{sensorType=3, value=24.422092} BaseIotData{name='TempSensor', timeStamp='2020-12-15 13:26:53.757556', hasError=false, statusCode=0}
Dec 15, 2020 1:26:53 PM programmingtheiot.gda.connection.MqttClientConnector messageArrived
INFO: [Callback] Receive a message from topic 'PIOT/ConstrainedDevice/SensorMsg':
{
  "name": "HumiditySensor",
  "timeStamp": "2020-12-15 13:26:53.747305",
  "hasError": false,
  "statusCode": 0,
  "sensorType": 1,
  "value": 39.745094299316406
}
Dec 15, 2020 1:26:53 PM programmingtheiot.gda.app.DeviceDataManager handleSensorMessage
INFO: Handling a SensorMessage: SensorData{sensorType=2, value=1025.9731} BaseIotData{name='PressureSensor', timeStamp='2020-12-15 13:26:53.756129', hasError=false, statusCode=0}
Dec 15, 2020 1:26:53 PM programmingtheiot.gda.connection.MqttClientConnector messageArrived
INFO: [Callback] Receive a message from topic 'PIOT/ConstrainedDevice/SensorMsg':
{
  "name": "CO2Sensor",
  "timeStamp": "2020-12-15 13:26:53.782600",
  "hasError": false,
  "statusCode": 0,
  "sensorType": 4,
  "value": 549.0
}
Dec 15, 2020 1:26:53 PM programmingtheiot.gda.connection.RedisPersistenceAdapter storeData
INFO: ZADD TempSensor SensorData to topic: PIOT/ConstrainedDevice/SensorMsg with score: 1608068370556
Dec 15, 2020 1:26:53 PM programmingtheiot.gda.app.DeviceDataManager handleSensorMessage
INFO: Handling a SensorMessage: SensorData{sensorType=1, value=39.745094} BaseIotData{name='HumiditySensor', timeStamp='2020-12-15 13:26:53.747305', hasError=false, statusCode=0}
Dec 15, 2020 1:26:53 PM programmingtheiot.gda.connection.RedisPersistenceAdapter storeData
INFO: ZADD PressureSensor SensorData to topic: PIOT/ConstrainedDevice/SensorMsg with score: 1608068369129
Dec 15, 2020 1:26:53 PM programmingtheiot.gda.connection.MqttClientConnector publishMessage
INFO: Publishing to topic '/v1.6/devices/ConstrainedDevice' with QoS 1, msg:
{
  "TempSensor": {
    "value": 24.42209243774414,
    "timestamp": 1.608068370556E12
  }
}
Dec 15, 2020 1:26:53 PM programmingtheiot.gda.app.DeviceDataManager handleSensorMessage
INFO: Handling a SensorMessage: SensorData{sensorType=4, value=549.0} BaseIotData{name='CO2Sensor', timeStamp='2020-12-15 13:26:53.782600', hasError=false, statusCode=0}
Dec 15, 2020 1:26:53 PM programmingtheiot.gda.connection.RedisPersistenceAdapter storeData
INFO: ZADD HumiditySensor SensorData to topic: PIOT/ConstrainedDevice/SensorMsg with score: 1608068360305
Dec 15, 2020 1:26:53 PM programmingtheiot.gda.connection.MqttClientConnector publishMessage
INFO: Publishing to topic '/v1.6/devices/ConstrainedDevice' with QoS 1, msg:
{
  "PressureSensor": {
    "value": 1025.97314453125,
    "timestamp": 1.608068369129E12
  }
}
Dec 15, 2020 1:26:53 PM programmingtheiot.gda.connection.MqttClientConnector publishMessage
INFO: Publishing to topic '/v1.6/devices/ConstrainedDevice' with QoS 1, msg:
{
  "HumiditySensor": {
    "value": 39.745094299316406,
    "timestamp": 1.608068360305E12
  }
}
Dec 15, 2020 1:26:53 PM programmingtheiot.gda.connection.RedisPersistenceAdapter storeData
INFO: ZADD CO2Sensor SensorData to topic: PIOT/ConstrainedDevice/SensorMsg with score: 1608068395600
Dec 15, 2020 1:26:53 PM programmingtheiot.gda.connection.MqttClientConnector publishMessage
INFO: Publishing to topic '/v1.6/devices/ConstrainedDevice' with QoS 1, msg:
{
  "CO2Sensor": {
    "value": 549.0,
    "timestamp": 1.6080683956E12
  }
}
Dec 15, 2020 1:26:53 PM programmingtheiot.gda.connection.MqttClientConnector deliveryComplete
INFO: [Callback] Complete to delivery to broker, response: PUBACK msgId 4
Dec 15, 2020 1:26:53 PM programmingtheiot.gda.connection.MqttClientConnector deliveryComplete
INFO: [Callback] Complete to delivery to broker, response: PUBACK msgId 5
Dec 15, 2020 1:26:53 PM programmingtheiot.gda.connection.MqttClientConnector deliveryComplete
INFO: [Callback] Complete to delivery to broker, response: PUBACK msgId 6
Dec 15, 2020 1:26:53 PM programmingtheiot.gda.connection.MqttClientConnector deliveryComplete
INFO: [Callback] Complete to delivery to broker, response: PUBACK msgId 7
Dec 15, 2020 1:26:53 PM programmingtheiot.gda.connection.MqttClientConnector deliveryComplete
INFO: [Callback] Complete to delivery to broker, response: PUBACK msgId 8
Dec 15, 2020 1:27:08 PM programmingtheiot.gda.connection.MqttClientConnector messageArrived
INFO: [Callback] Receive a message from topic 'PIOT/ConstrainedDevice/SystemPerfMsg':
{
  "name": "SysPerfData",
  "timeStamp": "2020-12-15 13:27:08.748374",
  "hasError": false,
  "statusCode": 0,
  "cpuUtil": 10.7,
  "diskUtil": 0.3982307394397045,
  "memUtil": 8.0
}
Dec 15, 2020 1:27:08 PM programmingtheiot.gda.app.DeviceDataManager handleSystemPerformanceMessage
INFO: Handling a SystemPerformanceMessage: SystemPerformanceData{cpuUtil=10.7, diskUtil=0.39823073, memUtil=8.0} BaseIotData{name='SysPerfData', timeStamp='2020-12-15 13:27:08.748374', hasError=false, statusCode=0}
Dec 15, 2020 1:27:08 PM programmingtheiot.gda.connection.RedisPersistenceAdapter storeData
INFO: ZADD SysPerfData SystemPerformanceData to topic: PIOT/ConstrainedDevice/SystemPerfMsg with score: 1608068376374
Dec 15, 2020 1:27:08 PM programmingtheiot.gda.connection.MqttClientConnector publishMessage
INFO: Publishing to topic '/v1.6/devices/ConstrainedDevice' with QoS 1, msg:
{
  "CpuUtil": {
    "value": 10.699999809265137,
    "timestamp": 1.608068376374E12
  },
  "MemUtil": {
    "value": 8.0,
    "timestamp": 1.608068376374E12
  },
  "DiskUtil": {
    "value": 0.39823073148727417,
    "timestamp": 1.608068376374E12
  }
}
Dec 15, 2020 1:27:08 PM programmingtheiot.gda.connection.MqttClientConnector messageArrived
INFO: [Callback] Receive a message from topic 'PIOT/ConstrainedDevice/SensorMsg':
{
  "name": "TempSensor",
  "timeStamp": "2020-12-15 13:27:08.758320",
  "hasError": false,
  "statusCode": 0,
  "sensorType": 3,
  "value": 24.440269470214844
}
Dec 15, 2020 1:27:08 PM programmingtheiot.gda.connection.MqttClientConnector messageArrived
INFO: [Callback] Receive a message from topic 'PIOT/ConstrainedDevice/SensorMsg':
{
  "name": "PressureSensor",
  "timeStamp": "2020-12-15 13:27:08.756756",
  "hasError": false,
  "statusCode": 0,
  "sensorType": 2,
  "value": 1025.98486328125
}
Dec 15, 2020 1:27:08 PM programmingtheiot.gda.app.DeviceDataManager handleSensorMessage
INFO: Handling a SensorMessage: SensorData{sensorType=3, value=24.44027} BaseIotData{name='TempSensor', timeStamp='2020-12-15 13:27:08.758320', hasError=false, statusCode=0}
Dec 15, 2020 1:27:08 PM programmingtheiot.gda.connection.MqttClientConnector messageArrived
INFO: [Callback] Receive a message from topic 'PIOT/ConstrainedDevice/SensorMsg':
{
  "name": "HumiditySensor",
  "timeStamp": "2020-12-15 13:27:08.749102",
  "hasError": false,
  "statusCode": 0,
  "sensorType": 1,
  "value": 38.865509033203125
}
Dec 15, 2020 1:27:08 PM programmingtheiot.gda.app.DeviceDataManager handleSensorMessage
INFO: Handling a SensorMessage: SensorData{sensorType=2, value=1025.9849} BaseIotData{name='PressureSensor', timeStamp='2020-12-15 13:27:08.756756', hasError=false, statusCode=0}
Dec 15, 2020 1:27:08 PM programmingtheiot.gda.connection.MqttClientConnector messageArrived
INFO: [Callback] Receive a message from topic 'PIOT/ConstrainedDevice/SensorMsg':
{
  "name": "CO2Sensor",
  "timeStamp": "2020-12-15 13:27:08.777569",
  "hasError": false,
  "statusCode": 0,
  "sensorType": 4,
  "value": 487.0
}
Dec 15, 2020 1:27:08 PM programmingtheiot.gda.connection.RedisPersistenceAdapter storeData
INFO: ZADD TempSensor SensorData to topic: PIOT/ConstrainedDevice/SensorMsg with score: 1608068386320
Dec 15, 2020 1:27:08 PM programmingtheiot.gda.connection.RedisPersistenceAdapter storeData
INFO: ZADD PressureSensor SensorData to topic: PIOT/ConstrainedDevice/SensorMsg with score: 1608068384756
Dec 15, 2020 1:27:08 PM programmingtheiot.gda.app.DeviceDataManager handleSensorMessage
INFO: Handling a SensorMessage: SensorData{sensorType=1, value=38.86551} BaseIotData{name='HumiditySensor', timeStamp='2020-12-15 13:27:08.749102', hasError=false, statusCode=0}
Dec 15, 2020 1:27:08 PM programmingtheiot.gda.connection.MqttClientConnector publishMessage
INFO: Publishing to topic '/v1.6/devices/ConstrainedDevice' with QoS 1, msg:
{
  "TempSensor": {
    "value": 24.440269470214844,
    "timestamp": 1.60806838632E12
  }
}
Dec 15, 2020 1:27:08 PM programmingtheiot.gda.connection.MqttClientConnector publishMessage
INFO: Publishing to topic '/v1.6/devices/ConstrainedDevice' with QoS 1, msg:
{
  "PressureSensor": {
    "value": 1025.98486328125,
    "timestamp": 1.608068384756E12
  }
}
Dec 15, 2020 1:27:08 PM programmingtheiot.gda.app.DeviceDataManager handleSensorMessage
INFO: Handling a SensorMessage: SensorData{sensorType=4, value=487.0} BaseIotData{name='CO2Sensor', timeStamp='2020-12-15 13:27:08.777569', hasError=false, statusCode=0}
Dec 15, 2020 1:27:08 PM programmingtheiot.gda.connection.RedisPersistenceAdapter storeData
INFO: ZADD HumiditySensor SensorData to topic: PIOT/ConstrainedDevice/SensorMsg with score: 1608068377102
Dec 15, 2020 1:27:08 PM programmingtheiot.gda.connection.RedisPersistenceAdapter storeData
INFO: ZADD CO2Sensor SensorData to topic: PIOT/ConstrainedDevice/SensorMsg with score: 1608068405569
Dec 15, 2020 1:27:08 PM programmingtheiot.gda.connection.MqttClientConnector publishMessage
INFO: Publishing to topic '/v1.6/devices/ConstrainedDevice' with QoS 1, msg:
{
  "HumiditySensor": {
    "value": 38.865509033203125,
    "timestamp": 1.608068377102E12
  }
}
Dec 15, 2020 1:27:08 PM programmingtheiot.gda.connection.MqttClientConnector publishMessage
INFO: Publishing to topic '/v1.6/devices/ConstrainedDevice' with QoS 1, msg:
{
  "CO2Sensor": {
    "value": 487.0,
    "timestamp": 1.608068405569E12
  }
}
Dec 15, 2020 1:27:08 PM programmingtheiot.gda.connection.MqttClientConnector deliveryComplete
INFO: [Callback] Complete to delivery to broker, response: PUBACK msgId 9
Dec 15, 2020 1:27:08 PM programmingtheiot.gda.connection.MqttClientConnector deliveryComplete
INFO: [Callback] Complete to delivery to broker, response: PUBACK msgId 10
Dec 15, 2020 1:27:08 PM programmingtheiot.gda.connection.MqttClientConnector deliveryComplete
INFO: [Callback] Complete to delivery to broker, response: PUBACK msgId 11
Dec 15, 2020 1:27:08 PM programmingtheiot.gda.connection.MqttClientConnector deliveryComplete
INFO: [Callback] Complete to delivery to broker, response: PUBACK msgId 12
Dec 15, 2020 1:27:08 PM programmingtheiot.gda.connection.MqttClientConnector deliveryComplete
INFO: [Callback] Complete to delivery to broker, response: PUBACK msgId 13
Dec 15, 2020 1:27:12 PM programmingtheiot.gda.app.DeviceDataManager handleSensorMessage
INFO: Handling a SensorMessage: SensorData{sensorType=0, value=-1.0} BaseIotData{name='CpuUtil', timeStamp='2020-12-15 13:27:12.000820', hasError=false, statusCode=0}
Dec 15, 2020 1:27:12 PM programmingtheiot.gda.connection.RedisPersistenceAdapter storeData
INFO: ZADD CpuUtil SensorData to topic: PIOT/GatewayDevice/SystemPerfMsg with score: 1608067632820
Dec 15, 2020 1:27:12 PM programmingtheiot.gda.connection.MqttClientConnector publishMessage
INFO: Publishing to topic '/v1.6/devices/GatewayDevice' with QoS 1, msg:
{
  "CpuUtil": {
    "value": -1.0,
    "timestamp": 1.60806763282E12
  }
}
Dec 15, 2020 1:27:12 PM programmingtheiot.gda.app.DeviceDataManager handleSensorMessage
INFO: Handling a SensorMessage: SensorData{sensorType=0, value=1.6739976E7} BaseIotData{name='MemUtil', timeStamp='2020-12-15 13:27:12.000820', hasError=false, statusCode=0}
Dec 15, 2020 1:27:12 PM programmingtheiot.gda.connection.MqttClientConnector deliveryComplete
INFO: [Callback] Complete to delivery to broker, response: PUBACK msgId 14
Dec 15, 2020 1:27:12 PM programmingtheiot.gda.connection.RedisPersistenceAdapter storeData
INFO: ZADD MemUtil SensorData to topic: PIOT/GatewayDevice/SystemPerfMsg with score: 1608067632820
Dec 15, 2020 1:27:12 PM programmingtheiot.gda.connection.MqttClientConnector publishMessage
INFO: Publishing to topic '/v1.6/devices/GatewayDevice' with QoS 1, msg:
{
  "MemUtil": {
    "value": 1.6739976E7,
    "timestamp": 1.60806763282E12
  }
}
Dec 15, 2020 1:27:13 PM programmingtheiot.gda.connection.MqttClientConnector deliveryComplete
INFO: [Callback] Complete to delivery to broker, response: PUBACK msgId 15
Dec 15, 2020 1:27:23 PM programmingtheiot.gda.connection.MqttClientConnector messageArrived
INFO: [Callback] Receive a message from topic 'PIOT/ConstrainedDevice/SystemPerfMsg':
{
  "name": "SysPerfData",
  "timeStamp": "2020-12-15 13:27:23.752049",
  "hasError": false,
  "statusCode": 0,
  "cpuUtil": 11.1,
  "diskUtil": 0.3982314563664746,
  "memUtil": 8.0
}
Dec 15, 2020 1:27:23 PM programmingtheiot.gda.app.DeviceDataManager handleSystemPerformanceMessage
INFO: Handling a SystemPerformanceMessage: SystemPerformanceData{cpuUtil=11.1, diskUtil=0.39823145, memUtil=8.0} BaseIotData{name='SysPerfData', timeStamp='2020-12-15 13:27:23.752049', hasError=false, statusCode=0}
Dec 15, 2020 1:27:23 PM programmingtheiot.gda.connection.RedisPersistenceAdapter storeData
INFO: ZADD SysPerfData SystemPerformanceData to topic: PIOT/ConstrainedDevice/SystemPerfMsg with score: 1608068395049
Dec 15, 2020 1:27:23 PM programmingtheiot.gda.connection.MqttClientConnector publishMessage
INFO: Publishing to topic '/v1.6/devices/ConstrainedDevice' with QoS 1, msg:
{
  "CpuUtil": {
    "value": 11.100000381469727,
    "timestamp": 1.608068395049E12
  },
  "MemUtil": {
    "value": 8.0,
    "timestamp": 1.608068395049E12
  },
  "DiskUtil": {
    "value": 0.3982314467430115,
    "timestamp": 1.608068395049E12
  }
}
Dec 15, 2020 1:27:23 PM programmingtheiot.gda.connection.MqttClientConnector messageArrived
INFO: [Callback] Receive a message from topic 'PIOT/ConstrainedDevice/SensorMsg':
{
  "name": "TempSensor",
  "timeStamp": "2020-12-15 13:27:23.754652",
  "hasError": false,
  "statusCode": 0,
  "sensorType": 3,
  "value": 24.42209243774414
}
Dec 15, 2020 1:27:23 PM programmingtheiot.gda.connection.MqttClientConnector messageArrived
INFO: [Callback] Receive a message from topic 'PIOT/ConstrainedDevice/SensorMsg':
{
  "name": "PressureSensor",
  "timeStamp": "2020-12-15 13:27:23.753216",
  "hasError": false,
  "statusCode": 0,
  "sensorType": 2,
  "value": 1025.958740234375
}
Dec 15, 2020 1:27:23 PM programmingtheiot.gda.connection.MqttClientConnector messageArrived
INFO: [Callback] Receive a message from topic 'PIOT/ConstrainedDevice/SensorMsg':
{
  "name": "HumiditySensor",
  "timeStamp": "2020-12-15 13:27:23.744085",
  "hasError": false,
  "statusCode": 0,
  "sensorType": 1,
  "value": 38.87712097167969
}
Dec 15, 2020 1:27:23 PM programmingtheiot.gda.app.DeviceDataManager handleSensorMessage
INFO: Handling a SensorMessage: SensorData{sensorType=3, value=24.422092} BaseIotData{name='TempSensor', timeStamp='2020-12-15 13:27:23.754652', hasError=false, statusCode=0}
Dec 15, 2020 1:27:23 PM programmingtheiot.gda.connection.MqttClientConnector messageArrived
INFO: [Callback] Receive a message from topic 'PIOT/ConstrainedDevice/SensorMsg':
{
  "name": "CO2Sensor",
  "timeStamp": "2020-12-15 13:27:23.779921",
  "hasError": false,
  "statusCode": 0,
  "sensorType": 4,
  "value": 451.0
}
Dec 15, 2020 1:27:23 PM programmingtheiot.gda.app.DeviceDataManager handleSensorMessage
INFO: Handling a SensorMessage: SensorData{sensorType=2, value=1025.9587} BaseIotData{name='PressureSensor', timeStamp='2020-12-15 13:27:23.753216', hasError=false, statusCode=0}
Dec 15, 2020 1:27:23 PM programmingtheiot.gda.app.DeviceDataManager handleSensorMessage
INFO: Handling a SensorMessage: SensorData{sensorType=1, value=38.87712} BaseIotData{name='HumiditySensor', timeStamp='2020-12-15 13:27:23.744085', hasError=false, statusCode=0}
Dec 15, 2020 1:27:23 PM programmingtheiot.gda.app.DeviceDataManager handleSensorMessage
INFO: Handling a SensorMessage: SensorData{sensorType=4, value=451.0} BaseIotData{name='CO2Sensor', timeStamp='2020-12-15 13:27:23.779921', hasError=false, statusCode=0}
Dec 15, 2020 1:27:23 PM programmingtheiot.gda.connection.RedisPersistenceAdapter storeData
INFO: ZADD TempSensor SensorData to topic: PIOT/ConstrainedDevice/SensorMsg with score: 1608068397652
Dec 15, 2020 1:27:23 PM programmingtheiot.gda.connection.RedisPersistenceAdapter storeData
INFO: ZADD PressureSensor SensorData to topic: PIOT/ConstrainedDevice/SensorMsg with score: 1608068396216
Dec 15, 2020 1:27:23 PM programmingtheiot.gda.connection.MqttClientConnector publishMessage
INFO: Publishing to topic '/v1.6/devices/ConstrainedDevice' with QoS 1, msg:
{
  "TempSensor": {
    "value": 24.42209243774414,
    "timestamp": 1.608068397652E12
  }
}
Dec 15, 2020 1:27:23 PM programmingtheiot.gda.connection.MqttClientConnector publishMessage
INFO: Publishing to topic '/v1.6/devices/ConstrainedDevice' with QoS 1, msg:
{
  "PressureSensor": {
    "value": 1025.958740234375,
    "timestamp": 1.608068396216E12
  }
}
Dec 15, 2020 1:27:23 PM programmingtheiot.gda.connection.RedisPersistenceAdapter storeData
INFO: ZADD HumiditySensor SensorData to topic: PIOT/ConstrainedDevice/SensorMsg with score: 1608068387085
Dec 15, 2020 1:27:23 PM programmingtheiot.gda.connection.RedisPersistenceAdapter storeData
INFO: ZADD CO2Sensor SensorData to topic: PIOT/ConstrainedDevice/SensorMsg with score: 1608068422921
Dec 15, 2020 1:27:23 PM programmingtheiot.gda.connection.MqttClientConnector publishMessage
INFO: Publishing to topic '/v1.6/devices/ConstrainedDevice' with QoS 1, msg:
{
  "CO2Sensor": {
    "value": 451.0,
    "timestamp": 1.608068422921E12
  }
}
Dec 15, 2020 1:27:23 PM programmingtheiot.gda.connection.MqttClientConnector publishMessage
INFO: Publishing to topic '/v1.6/devices/ConstrainedDevice' with QoS 1, msg:
{
  "HumiditySensor": {
    "value": 38.87712097167969,
    "timestamp": 1.608068387085E12
  }
}
Dec 15, 2020 1:27:23 PM programmingtheiot.gda.connection.MqttClientConnector deliveryComplete
INFO: [Callback] Complete to delivery to broker, response: PUBACK msgId 16
Dec 15, 2020 1:27:23 PM programmingtheiot.gda.connection.MqttClientConnector deliveryComplete
INFO: [Callback] Complete to delivery to broker, response: PUBACK msgId 17
Dec 15, 2020 1:27:23 PM programmingtheiot.gda.connection.MqttClientConnector deliveryComplete
INFO: [Callback] Complete to delivery to broker, response: PUBACK msgId 18
Dec 15, 2020 1:27:23 PM programmingtheiot.gda.connection.MqttClientConnector deliveryComplete
INFO: [Callback] Complete to delivery to broker, response: PUBACK msgId 19
Dec 15, 2020 1:27:23 PM programmingtheiot.gda.connection.MqttClientConnector deliveryComplete
INFO: [Callback] Complete to delivery to broker, response: PUBACK msgId 20
Dec 15, 2020 1:27:38 PM programmingtheiot.gda.connection.MqttClientConnector messageArrived
INFO: [Callback] Receive a message from topic 'PIOT/ConstrainedDevice/SystemPerfMsg':
{
  "name": "SysPerfData",
  "timeStamp": "2020-12-15 13:27:38.759547",
  "hasError": false,
  "statusCode": 0,
  "cpuUtil": 10.7,
  "diskUtil": 0.3982323166785987,
  "memUtil": 8.0
}
Dec 15, 2020 1:27:38 PM programmingtheiot.gda.app.DeviceDataManager handleSystemPerformanceMessage
INFO: Handling a SystemPerformanceMessage: SystemPerformanceData{cpuUtil=10.7, diskUtil=0.3982323, memUtil=8.0} BaseIotData{name='SysPerfData', timeStamp='2020-12-15 13:27:38.759547', hasError=false, statusCode=0}
Dec 15, 2020 1:27:38 PM programmingtheiot.gda.connection.RedisPersistenceAdapter storeData
INFO: ZADD SysPerfData SystemPerformanceData to topic: PIOT/ConstrainedDevice/SystemPerfMsg with score: 1608068417547
Dec 15, 2020 1:27:38 PM programmingtheiot.gda.connection.MqttClientConnector publishMessage
INFO: Publishing to topic '/v1.6/devices/ConstrainedDevice' with QoS 1, msg:
{
  "CpuUtil": {
    "value": 10.699999809265137,
    "timestamp": 1.608068417547E12
  },
  "MemUtil": {
    "value": 8.0,
    "timestamp": 1.608068417547E12
  },
  "DiskUtil": {
    "value": 0.3982323110103607,
    "timestamp": 1.608068417547E12
  }
}
Dec 15, 2020 1:27:38 PM programmingtheiot.gda.connection.MqttClientConnector messageArrived
INFO: [Callback] Receive a message from topic 'PIOT/ConstrainedDevice/SensorMsg':
{
  "name": "TempSensor",
  "timeStamp": "2020-12-15 13:27:38.766130",
  "hasError": false,
  "statusCode": 0,
  "sensorType": 3,
  "value": 24.38573455810547
}
Dec 15, 2020 1:27:38 PM programmingtheiot.gda.connection.MqttClientConnector messageArrived
INFO: [Callback] Receive a message from topic 'PIOT/ConstrainedDevice/SensorMsg':
{
  "name": "PressureSensor",
  "timeStamp": "2020-12-15 13:27:38.763931",
  "hasError": false,
  "statusCode": 0,
  "sensorType": 2,
  "value": 1025.976806640625
}
Dec 15, 2020 1:27:38 PM programmingtheiot.gda.connection.MqttClientConnector messageArrived
INFO: [Callback] Receive a message from topic 'PIOT/ConstrainedDevice/SensorMsg':
{
  "name": "HumiditySensor",
  "timeStamp": "2020-12-15 13:27:38.748693",
  "hasError": false,
  "statusCode": 0,
  "sensorType": 1,
  "value": 38.383628845214844
}
Dec 15, 2020 1:27:38 PM programmingtheiot.gda.connection.MqttClientConnector messageArrived
INFO: [Callback] Receive a message from topic 'PIOT/ConstrainedDevice/SensorMsg':
{
  "name": "CO2Sensor",
  "timeStamp": "2020-12-15 13:27:38.789475",
  "hasError": false,
  "statusCode": 0,
  "sensorType": 4,
  "value": 422.0
}
Dec 15, 2020 1:27:38 PM programmingtheiot.gda.app.DeviceDataManager handleSensorMessage
INFO: Handling a SensorMessage: SensorData{sensorType=2, value=1025.9768} BaseIotData{name='PressureSensor', timeStamp='2020-12-15 13:27:38.763931', hasError=false, statusCode=0}
Dec 15, 2020 1:27:38 PM programmingtheiot.gda.app.DeviceDataManager handleSensorMessage
INFO: Handling a SensorMessage: SensorData{sensorType=3, value=24.385735} BaseIotData{name='TempSensor', timeStamp='2020-12-15 13:27:38.766130', hasError=false, statusCode=0}
Dec 15, 2020 1:27:38 PM programmingtheiot.gda.app.DeviceDataManager handleSensorMessage
INFO: Handling a SensorMessage: SensorData{sensorType=1, value=38.38363} BaseIotData{name='HumiditySensor', timeStamp='2020-12-15 13:27:38.748693', hasError=false, statusCode=0}
Dec 15, 2020 1:27:38 PM programmingtheiot.gda.app.DeviceDataManager handleSensorMessage
INFO: Handling a SensorMessage: SensorData{sensorType=4, value=422.0} BaseIotData{name='CO2Sensor', timeStamp='2020-12-15 13:27:38.789475', hasError=false, statusCode=0}
Dec 15, 2020 1:27:38 PM programmingtheiot.gda.connection.MqttClientConnector deliveryComplete
INFO: [Callback] Complete to delivery to broker, response: PUBACK msgId 21
Dec 15, 2020 1:27:42 PM programmingtheiot.gda.app.DeviceDataManager handleSensorMessage
INFO: Handling a SensorMessage: SensorData{sensorType=0, value=-1.0} BaseIotData{name='CpuUtil', timeStamp='2020-12-15 13:27:42.000809', hasError=false, statusCode=0}
Dec 15, 2020 1:27:53 PM programmingtheiot.gda.connection.MqttClientConnector messageArrived
INFO: [Callback] Receive a message from topic 'PIOT/ConstrainedDevice/SensorMsg':
{
  "name": "TempSensor",
  "timeStamp": "2020-12-15 13:27:53.749110",
  "hasError": false,
  "statusCode": 0,
  "sensorType": 3,
  "value": 24.45844841003418
}
Dec 15, 2020 1:27:53 PM programmingtheiot.gda.app.DeviceDataManager handleSensorMessage
INFO: Handling a SensorMessage: SensorData{sensorType=3, value=24.458448} BaseIotData{name='TempSensor', timeStamp='2020-12-15 13:27:53.749110', hasError=false, statusCode=0}
Dec 15, 2020 1:27:53 PM programmingtheiot.gda.connection.MqttClientConnector messageArrived
INFO: [Callback] Receive a message from topic 'PIOT/ConstrainedDevice/SystemPerfMsg':
{
  "name": "SysPerfData",
  "timeStamp": "2020-12-15 13:27:53.750272",
  "hasError": false,
  "statusCode": 0,
  "cpuUtil": 11.0,
  "diskUtil": 0.3982330336053688,
  "memUtil": 8.0
}
Dec 15, 2020 1:27:53 PM programmingtheiot.gda.connection.MqttClientConnector messageArrived
INFO: [Callback] Receive a message from topic 'PIOT/ConstrainedDevice/SensorMsg':
{
  "name": "PressureSensor",
  "timeStamp": "2020-12-15 13:27:53.748334",
  "hasError": false,
  "statusCode": 0,
  "sensorType": 2,
  "value": 1025.963134765625
}
Dec 15, 2020 1:27:53 PM programmingtheiot.gda.connection.MqttClientConnector messageArrived
INFO: [Callback] Receive a message from topic 'PIOT/ConstrainedDevice/SensorMsg':
{
  "name": "HumiditySensor",
  "timeStamp": "2020-12-15 13:27:53.743870",
  "hasError": false,
  "statusCode": 0,
  "sensorType": 1,
  "value": 37.971412658691406
}
Dec 15, 2020 1:27:53 PM programmingtheiot.gda.app.DeviceDataManager handleSensorMessage
INFO: Handling a SensorMessage: SensorData{sensorType=2, value=1025.9631} BaseIotData{name='PressureSensor', timeStamp='2020-12-15 13:27:53.748334', hasError=false, statusCode=0}
Dec 15, 2020 1:27:53 PM programmingtheiot.gda.connection.MqttClientConnector messageArrived
INFO: [Callback] Receive a message from topic 'PIOT/ConstrainedDevice/SensorMsg':
{
  "name": "CO2Sensor",
  "timeStamp": "2020-12-15 13:27:53.762765",
  "hasError": true,
  "statusCode": -1,
  "sensorType": 4,
  "value": 33229.0
}
Dec 15, 2020 1:27:53 PM programmingtheiot.gda.app.DeviceDataManager handleSystemPerformanceMessage
INFO: Handling a SystemPerformanceMessage: SystemPerformanceData{cpuUtil=11.0, diskUtil=0.39823303, memUtil=8.0} BaseIotData{name='SysPerfData', timeStamp='2020-12-15 13:27:53.750272', hasError=false, statusCode=0}
Dec 15, 2020 1:27:53 PM programmingtheiot.gda.app.DeviceDataManager handleSensorMessage
INFO: Handling a SensorMessage: SensorData{sensorType=1, value=37.971413} BaseIotData{name='HumiditySensor', timeStamp='2020-12-15 13:27:53.743870', hasError=false, statusCode=0}
Dec 15, 2020 1:27:53 PM programmingtheiot.gda.app.DeviceDataManager handleSensorMessage
INFO: Handling a SensorMessage: SensorData{sensorType=4, value=33229.0} BaseIotData{name='CO2Sensor', timeStamp='2020-12-15 13:27:53.762765', hasError=true, statusCode=-1}
Dec 15, 2020 1:28:08 PM programmingtheiot.gda.connection.MqttClientConnector messageArrived
INFO: [Callback] Receive a message from topic 'PIOT/ConstrainedDevice/SensorMsg':
{
  "name": "TempSensor",
  "timeStamp": "2020-12-15 13:28:08.752811",
  "hasError": false,
  "statusCode": 0,
  "sensorType": 3,
  "value": 24.367555618286133
}
Dec 15, 2020 1:28:08 PM programmingtheiot.gda.app.DeviceDataManager handleSensorMessage
INFO: Handling a SensorMessage: SensorData{sensorType=3, value=24.367556} BaseIotData{name='TempSensor', timeStamp='2020-12-15 13:28:08.752811', hasError=false, statusCode=0}
Dec 15, 2020 1:28:08 PM programmingtheiot.gda.connection.MqttClientConnector messageArrived
INFO: [Callback] Receive a message from topic 'PIOT/ConstrainedDevice/SystemPerfMsg':
{
  "name": "SysPerfData",
  "timeStamp": "2020-12-15 13:28:08.756566",
  "hasError": false,
  "statusCode": 0,
  "cpuUtil": 10.8,
  "diskUtil": 0.3982337505321389,
  "memUtil": 8.0
}
Dec 15, 2020 1:28:08 PM programmingtheiot.gda.connection.MqttClientConnector messageArrived
INFO: [Callback] Receive a message from topic 'PIOT/ConstrainedDevice/SensorMsg':
{
  "name": "PressureSensor",
  "timeStamp": "2020-12-15 13:28:08.751228",
  "hasError": false,
  "statusCode": 0,
  "sensorType": 2,
  "value": 1026.011474609375
}
Dec 15, 2020 1:28:08 PM programmingtheiot.gda.connection.MqttClientConnector messageArrived
INFO: [Callback] Receive a message from topic 'PIOT/ConstrainedDevice/SensorMsg':
{
  "name": "HumiditySensor",
  "timeStamp": "2020-12-15 13:28:08.743643",
  "hasError": false,
  "statusCode": 0,
  "sensorType": 1,
  "value": 37.62306213378906
}
Dec 15, 2020 1:28:08 PM programmingtheiot.gda.app.DeviceDataManager handleSystemPerformanceMessage
INFO: Handling a SystemPerformanceMessage: SystemPerformanceData{cpuUtil=10.8, diskUtil=0.39823374, memUtil=8.0} BaseIotData{name='SysPerfData', timeStamp='2020-12-15 13:28:08.756566', hasError=false, statusCode=0}
Dec 15, 2020 1:28:08 PM programmingtheiot.gda.connection.MqttClientConnector messageArrived
INFO: [Callback] Receive a message from topic 'PIOT/ConstrainedDevice/SensorMsg':
{
  "name": "CO2Sensor",
  "timeStamp": "2020-12-15 13:28:08.775370",
  "hasError": false,
  "statusCode": 0,
  "sensorType": 4,
  "value": 495.0
}
Dec 15, 2020 1:28:08 PM programmingtheiot.gda.app.DeviceDataManager handleSensorMessage
INFO: Handling a SensorMessage: SensorData{sensorType=2, value=1026.0115} BaseIotData{name='PressureSensor', timeStamp='2020-12-15 13:28:08.751228', hasError=false, statusCode=0}
Dec 15, 2020 1:28:08 PM programmingtheiot.gda.app.DeviceDataManager handleSensorMessage
INFO: Handling a SensorMessage: SensorData{sensorType=1, value=37.623062} BaseIotData{name='HumiditySensor', timeStamp='2020-12-15 13:28:08.743643', hasError=false, statusCode=0}
Dec 15, 2020 1:28:08 PM programmingtheiot.gda.app.DeviceDataManager handleSensorMessage
INFO: Handling a SensorMessage: SensorData{sensorType=4, value=495.0} BaseIotData{name='CO2Sensor', timeStamp='2020-12-15 13:28:08.775370', hasError=false, statusCode=0}
Dec 15, 2020 1:28:23 PM programmingtheiot.gda.connection.MqttClientConnector messageArrived
INFO: [Callback] Receive a message from topic 'PIOT/ConstrainedDevice/SystemPerfMsg':
{
  "name": "SysPerfData",
  "timeStamp": "2020-12-15 13:28:23.756020",
  "hasError": false,
  "statusCode": 0,
  "cpuUtil": 11.6,
  "diskUtil": 0.398234610844263,
  "memUtil": 8.0
}
Dec 15, 2020 1:28:23 PM programmingtheiot.gda.app.DeviceDataManager handleSystemPerformanceMessage
INFO: Handling a SystemPerformanceMessage: SystemPerformanceData{cpuUtil=11.6, diskUtil=0.3982346, memUtil=8.0} BaseIotData{name='SysPerfData', timeStamp='2020-12-15 13:28:23.756020', hasError=false, statusCode=0}
Dec 15, 2020 1:28:23 PM programmingtheiot.gda.connection.MqttClientConnector messageArrived
INFO: [Callback] Receive a message from topic 'PIOT/ConstrainedDevice/SensorMsg':
{
  "name": "TempSensor",
  "timeStamp": "2020-12-15 13:28:23.763327",
  "hasError": false,
  "statusCode": 0,
  "sensorType": 3,
  "value": 24.349376678466797
}
Dec 15, 2020 1:28:23 PM programmingtheiot.gda.connection.MqttClientConnector messageArrived
INFO: [Callback] Receive a message from topic 'PIOT/ConstrainedDevice/SensorMsg':
{
  "name": "PressureSensor",
  "timeStamp": "2020-12-15 13:28:23.758925",
  "hasError": false,
  "statusCode": 0,
  "sensorType": 2,
  "value": 1025.999755859375
}
Dec 15, 2020 1:28:23 PM programmingtheiot.gda.app.DeviceDataManager handleSensorMessage
INFO: Handling a SensorMessage: SensorData{sensorType=3, value=24.349377} BaseIotData{name='TempSensor', timeStamp='2020-12-15 13:28:23.763327', hasError=false, statusCode=0}
Dec 15, 2020 1:28:23 PM programmingtheiot.gda.connection.MqttClientConnector messageArrived
INFO: [Callback] Receive a message from topic 'PIOT/ConstrainedDevice/SensorMsg':
{
  "name": "HumiditySensor",
  "timeStamp": "2020-12-15 13:28:23.748395",
  "hasError": false,
  "statusCode": 0,
  "sensorType": 1,
  "value": 38.136878967285156
}
Dec 15, 2020 1:28:23 PM programmingtheiot.gda.app.DeviceDataManager handleSensorMessage
INFO: Handling a SensorMessage: SensorData{sensorType=2, value=1025.9998} BaseIotData{name='PressureSensor', timeStamp='2020-12-15 13:28:23.758925', hasError=false, statusCode=0}
Dec 15, 2020 1:28:23 PM programmingtheiot.gda.connection.MqttClientConnector messageArrived
INFO: [Callback] Receive a message from topic 'PIOT/ConstrainedDevice/SensorMsg':
{
  "name": "CO2Sensor",
  "timeStamp": "2020-12-15 13:28:23.787258",
  "hasError": false,
  "statusCode": 0,
  "sensorType": 4,
  "value": 495.0
}
Dec 15, 2020 1:28:23 PM programmingtheiot.gda.app.DeviceDataManager handleSensorMessage
INFO: Handling a SensorMessage: SensorData{sensorType=1, value=38.13688} BaseIotData{name='HumiditySensor', timeStamp='2020-12-15 13:28:23.748395', hasError=false, statusCode=0}
Dec 15, 2020 1:28:23 PM programmingtheiot.gda.app.DeviceDataManager handleSensorMessage
INFO: Handling a SensorMessage: SensorData{sensorType=4, value=495.0} BaseIotData{name='CO2Sensor', timeStamp='2020-12-15 13:28:23.787258', hasError=false, statusCode=0}
Dec 15, 2020 1:28:38 PM programmingtheiot.gda.connection.MqttClientConnector messageArrived
INFO: [Callback] Receive a message from topic 'PIOT/ConstrainedDevice/SensorMsg':
{
  "name": "TempSensor",
  "timeStamp": "2020-12-15 13:28:38.759885",
  "hasError": false,
  "statusCode": 0,
  "sensorType": 3,
  "value": 24.367555618286133
}
Dec 15, 2020 1:28:38 PM programmingtheiot.gda.app.DeviceDataManager handleSensorMessage
INFO: Handling a SensorMessage: SensorData{sensorType=3, value=24.367556} BaseIotData{name='TempSensor', timeStamp='2020-12-15 13:28:38.759885', hasError=false, statusCode=0}
Dec 15, 2020 1:28:38 PM programmingtheiot.gda.connection.MqttClientConnector messageArrived
INFO: [Callback] Receive a message from topic 'PIOT/ConstrainedDevice/SystemPerfMsg':
{
  "name": "SysPerfData",
  "timeStamp": "2020-12-15 13:28:38.760722",
  "hasError": false,
  "statusCode": 0,
  "cpuUtil": 10.9,
  "diskUtil": 0.39823547115638713,
  "memUtil": 8.0
}
Dec 15, 2020 1:28:38 PM programmingtheiot.gda.connection.MqttClientConnector messageArrived
INFO: [Callback] Receive a message from topic 'PIOT/ConstrainedDevice/SensorMsg':
{
  "name": "PressureSensor",
  "timeStamp": "2020-12-15 13:28:38.758588",
  "hasError": false,
  "statusCode": 0,
  "sensorType": 2,
  "value": 1025.947509765625
}
Dec 15, 2020 1:28:38 PM programmingtheiot.gda.connection.MqttClientConnector messageArrived
INFO: [Callback] Receive a message from topic 'PIOT/ConstrainedDevice/SensorMsg':
{
  "name": "HumiditySensor",
  "timeStamp": "2020-12-15 13:28:38.748747",
  "hasError": false,
  "statusCode": 0,
  "sensorType": 1,
  "value": 38.5113525390625
}
Dec 15, 2020 1:28:38 PM programmingtheiot.gda.app.DeviceDataManager handleSystemPerformanceMessage
INFO: Handling a SystemPerformanceMessage: SystemPerformanceData{cpuUtil=10.9, diskUtil=0.39823547, memUtil=8.0} BaseIotData{name='SysPerfData', timeStamp='2020-12-15 13:28:38.760722', hasError=false, statusCode=0}
Dec 15, 2020 1:28:38 PM programmingtheiot.gda.connection.MqttClientConnector messageArrived
INFO: [Callback] Receive a message from topic 'PIOT/ConstrainedDevice/SensorMsg':
{
  "name": "CO2Sensor",
  "timeStamp": "2020-12-15 13:28:38.782380",
  "hasError": true,
  "statusCode": -1,
  "sensorType": 4,
  "value": 33273.0
}
Dec 15, 2020 1:28:38 PM programmingtheiot.gda.app.DeviceDataManager handleSensorMessage
INFO: Handling a SensorMessage: SensorData{sensorType=2, value=1025.9475} BaseIotData{name='PressureSensor', timeStamp='2020-12-15 13:28:38.758588', hasError=false, statusCode=0}
Dec 15, 2020 1:28:38 PM programmingtheiot.gda.app.DeviceDataManager handleSensorMessage
INFO: Handling a SensorMessage: SensorData{sensorType=1, value=38.511353} BaseIotData{name='HumiditySensor', timeStamp='2020-12-15 13:28:38.748747', hasError=false, statusCode=0}
Dec 15, 2020 1:28:38 PM programmingtheiot.gda.app.DeviceDataManager handleSensorMessage
INFO: Handling a SensorMessage: SensorData{sensorType=4, value=33273.0} BaseIotData{name='CO2Sensor', timeStamp='2020-12-15 13:28:38.782380', hasError=true, statusCode=-1}
